12-Oct-2016 08:52:27.006 INFO [main] org.apache.catalina.core.AprLifecycleListener.init The APR based Apache Tomcat Native library which allows optimal performance in production environments was not found on the java.library.path: C:\Program Files\Java\jdk1.7.0_80\bin;C:\Windows\Sun\Java\bin;C:\Windows\system32;C:\Windows;C:\Program Files (x86)\Python35-32\Scripts\;C:\Program Files (x86)\Python35-32\;C:\Program Files\Tcl\bin;C:\Program Files\Python27\;C:\Program Files\Python27\Scripts;C:\Program Files\Perl64\site\bin;C:\Program Files\Perl64\bin;C:\Perl\site\bin;C:\Perl\bin;C:\Windows\system32;C:\Windows;C:\Windows\System32\Wbem;C:\Windows\System32\WindowsPowerShell\v1.0\;C:\Program Files (x86)\WinSCP\;C:\Program Files\Java\jdk1.7.0_80\bin;C:\Program Files (x86)\Symyx\Symyx Draw 3.3\lib;C:\Program Files (x86)\Common Files\MDL Shared\ISIS;.
12-Oct-2016 08:52:28.271 INFO [main] org.apache.coyote.AbstractProtocol.init Initializing ProtocolHandler ["http-nio-8080"]
12-Oct-2016 08:52:28.350 INFO [main] org.apache.tomcat.util.net.NioSelectorPool.getSharedSelector Using a shared selector for servlet write/read
12-Oct-2016 08:52:28.381 INFO [main] org.apache.coyote.AbstractProtocol.init Initializing ProtocolHandler ["ajp-nio-8009"]
12-Oct-2016 08:52:28.396 INFO [main] org.apache.tomcat.util.net.NioSelectorPool.getSharedSelector Using a shared selector for servlet write/read
12-Oct-2016 08:52:28.396 INFO [main] org.apache.catalina.startup.Catalina.load Initialization processed in 2865 ms
12-Oct-2016 08:52:28.631 INFO [main] org.apache.catalina.core.StandardService.startInternal Démarrage du service Catalina
12-Oct-2016 08:52:28.631 INFO [main] org.apache.catalina.core.StandardEngine.startInternal Starting Servlet Engine: Apache Tomcat/8.0.12
12-Oct-2016 08:52:28.693 INFO [localhost-startStop-1] org.apache.catalina.startup.HostConfig.deployDirectory Déploiement du répertoire E:\Sem3\BDD\TP3\tomcat8\webapps\vide de l'application web
12-Oct-2016 08:52:31.162 INFO [localhost-startStop-1] org.apache.catalina.startup.HostConfig.deployDirectory Deployment of web application directory E:\Sem3\BDD\TP3\tomcat8\webapps\vide has finished in 2 453 ms
12-Oct-2016 08:52:31.162 INFO [localhost-startStop-1] org.apache.catalina.startup.HostConfig.deployDirectory Déploiement du répertoire E:\Sem3\BDD\TP3\tomcat8\webapps\manager de l'application web
12-Oct-2016 08:52:31.506 INFO [localhost-startStop-1] org.apache.catalina.startup.HostConfig.deployDirectory Deployment of web application directory E:\Sem3\BDD\TP3\tomcat8\webapps\manager has finished in 344 ms
12-Oct-2016 08:52:31.506 INFO [localhost-startStop-1] org.apache.catalina.startup.HostConfig.deployDirectory Déploiement du répertoire E:\Sem3\BDD\TP3\tomcat8\webapps\test de l'application web
12-Oct-2016 08:52:31.740 INFO [localhost-startStop-1] org.apache.catalina.startup.HostConfig.deployDirectory Deployment of web application directory E:\Sem3\BDD\TP3\tomcat8\webapps\test has finished in 234 ms
12-Oct-2016 08:52:31.756 INFO [localhost-startStop-1] org.apache.catalina.startup.HostConfig.deployDirectory Déploiement du répertoire E:\Sem3\BDD\TP3\tomcat8\webapps\host-manager de l'application web
12-Oct-2016 08:52:32.615 INFO [localhost-startStop-1] org.apache.catalina.startup.HostConfig.deployDirectory Deployment of web application directory E:\Sem3\BDD\TP3\tomcat8\webapps\host-manager has finished in 859 ms
12-Oct-2016 08:52:32.615 INFO [localhost-startStop-1] org.apache.catalina.startup.HostConfig.deployDirectory Déploiement du répertoire E:\Sem3\BDD\TP3\tomcat8\webapps\__MACOSX de l'application web
12-Oct-2016 08:52:32.881 INFO [localhost-startStop-1] org.apache.catalina.startup.HostConfig.deployDirectory Deployment of web application directory E:\Sem3\BDD\TP3\tomcat8\webapps\__MACOSX has finished in 266 ms
12-Oct-2016 08:52:32.881 INFO [localhost-startStop-1] org.apache.catalina.startup.HostConfig.deployDirectory Déploiement du répertoire E:\Sem3\BDD\TP3\tomcat8\webapps\ROOT de l'application web
12-Oct-2016 08:52:33.193 INFO [localhost-startStop-1] org.apache.catalina.startup.HostConfig.deployDirectory Deployment of web application directory E:\Sem3\BDD\TP3\tomcat8\webapps\ROOT has finished in 312 ms
12-Oct-2016 08:52:33.209 INFO [main] org.apache.coyote.AbstractProtocol.start Starting ProtocolHandler ["http-nio-8080"]
12-Oct-2016 08:52:33.303 INFO [main] org.apache.coyote.AbstractProtocol.start Starting ProtocolHandler ["ajp-nio-8009"]
12-Oct-2016 08:52:33.303 INFO [main] org.apache.catalina.startup.Catalina.start Server startup in 4909 ms
12-Oct-2016 08:53:46.893 INFO [main] org.apache.catalina.core.StandardServer.await A valid shutdown command was received via the shutdown port. Stopping the Server instance.
12-Oct-2016 08:53:46.893 INFO [main] org.apache.coyote.AbstractProtocol.pause Pausing ProtocolHandler ["http-nio-8080"]
12-Oct-2016 08:53:46.956 INFO [main] org.apache.coyote.AbstractProtocol.pause Pausing ProtocolHandler ["ajp-nio-8009"]
12-Oct-2016 08:53:47.018 INFO [main] org.apache.catalina.core.StandardService.stopInternal Arrêt du service Catalina
12-Oct-2016 08:53:47.331 INFO [main] org.apache.coyote.AbstractProtocol.stop Stopping ProtocolHandler ["http-nio-8080"]
12-Oct-2016 08:53:47.331 INFO [1] org.apache.coyote.AbstractProtocol.stop Stopping ProtocolHandler ["ajp-nio-8009"]
12-Oct-2016 08:53:47.331 INFO [1] org.apache.coyote.AbstractProtocol.destroy Destroying ProtocolHandler ["http-nio-8080"]
12-Oct-2016 08:53:47.331 INFO [1] org.apache.coyote.AbstractProtocol.destroy Destroying ProtocolHandler ["ajp-nio-8009"]
12-Oct-2016 09:01:10.961 INFO [main] org.apache.catalina.core.AprLifecycleListener.init The APR based Apache Tomcat Native library which allows optimal performance in production environments was not found on the java.library.path: C:\Program Files\Java\jdk1.7.0_80\bin;C:\Windows\Sun\Java\bin;C:\Windows\system32;C:\Windows;C:\Program Files (x86)\Python35-32\Scripts\;C:\Program Files (x86)\Python35-32\;C:\Program Files\Tcl\bin;C:\Program Files\Python27\;C:\Program Files\Python27\Scripts;C:\Program Files\Perl64\site\bin;C:\Program Files\Perl64\bin;C:\Perl\site\bin;C:\Perl\bin;C:\Windows\system32;C:\Windows;C:\Windows\System32\Wbem;C:\Windows\System32\WindowsPowerShell\v1.0\;C:\Program Files (x86)\WinSCP\;C:\Program Files\Java\jdk1.7.0_80\bin;C:\Program Files (x86)\Symyx\Symyx Draw 3.3\lib;C:\Program Files (x86)\Common Files\MDL Shared\ISIS;.
12-Oct-2016 09:01:11.758 INFO [main] org.apache.coyote.AbstractProtocol.init Initializing ProtocolHandler ["http-nio-8080"]
12-Oct-2016 09:01:11.789 INFO [main] org.apache.tomcat.util.net.NioSelectorPool.getSharedSelector Using a shared selector for servlet write/read
12-Oct-2016 09:01:11.805 INFO [main] org.apache.coyote.AbstractProtocol.init Initializing ProtocolHandler ["ajp-nio-8009"]
12-Oct-2016 09:01:11.805 INFO [main] org.apache.tomcat.util.net.NioSelectorPool.getSharedSelector Using a shared selector for servlet write/read
12-Oct-2016 09:01:11.805 INFO [main] org.apache.catalina.startup.Catalina.load Initialization processed in 1740 ms
12-Oct-2016 09:01:11.899 INFO [main] org.apache.catalina.core.StandardService.startInternal Démarrage du service Catalina
12-Oct-2016 09:01:11.899 INFO [main] org.apache.catalina.core.StandardEngine.startInternal Starting Servlet Engine: Apache Tomcat/8.0.12
12-Oct-2016 09:01:11.961 INFO [localhost-startStop-1] org.apache.catalina.startup.HostConfig.deployDirectory Déploiement du répertoire E:\Sem3\BDD\TP3\tomcat8\webapps\vide de l'application web
12-Oct-2016 09:01:14.117 INFO [localhost-startStop-1] org.apache.catalina.startup.HostConfig.deployDirectory Deployment of web application directory E:\Sem3\BDD\TP3\tomcat8\webapps\vide has finished in 2 156 ms
12-Oct-2016 09:01:14.117 INFO [localhost-startStop-1] org.apache.catalina.startup.HostConfig.deployDirectory Déploiement du répertoire E:\Sem3\BDD\TP3\tomcat8\webapps\manager de l'application web
12-Oct-2016 09:01:14.477 INFO [localhost-startStop-1] org.apache.catalina.startup.HostConfig.deployDirectory Deployment of web application directory E:\Sem3\BDD\TP3\tomcat8\webapps\manager has finished in 360 ms
12-Oct-2016 09:01:14.492 INFO [localhost-startStop-1] org.apache.catalina.startup.HostConfig.deployDirectory Déploiement du répertoire E:\Sem3\BDD\TP3\tomcat8\webapps\test de l'application web
12-Oct-2016 09:01:14.711 INFO [localhost-startStop-1] org.apache.catalina.startup.HostConfig.deployDirectory Deployment of web application directory E:\Sem3\BDD\TP3\tomcat8\webapps\test has finished in 219 ms
12-Oct-2016 09:01:14.711 INFO [localhost-startStop-1] org.apache.catalina.startup.HostConfig.deployDirectory Déploiement du répertoire E:\Sem3\BDD\TP3\tomcat8\webapps\host-manager de l'application web
12-Oct-2016 09:01:15.070 INFO [localhost-startStop-1] org.apache.catalina.startup.HostConfig.deployDirectory Deployment of web application directory E:\Sem3\BDD\TP3\tomcat8\webapps\host-manager has finished in 359 ms
12-Oct-2016 09:01:15.070 INFO [localhost-startStop-1] org.apache.catalina.startup.HostConfig.deployDirectory Déploiement du répertoire E:\Sem3\BDD\TP3\tomcat8\webapps\__MACOSX de l'application web
12-Oct-2016 09:01:15.352 INFO [localhost-startStop-1] org.apache.catalina.startup.HostConfig.deployDirectory Deployment of web application directory E:\Sem3\BDD\TP3\tomcat8\webapps\__MACOSX has finished in 282 ms
12-Oct-2016 09:01:15.352 INFO [localhost-startStop-1] org.apache.catalina.startup.HostConfig.deployDirectory Déploiement du répertoire E:\Sem3\BDD\TP3\tomcat8\webapps\ROOT de l'application web
12-Oct-2016 09:01:15.633 INFO [localhost-startStop-1] org.apache.catalina.startup.HostConfig.deployDirectory Deployment of web application directory E:\Sem3\BDD\TP3\tomcat8\webapps\ROOT has finished in 281 ms
12-Oct-2016 09:01:15.649 INFO [main] org.apache.coyote.AbstractProtocol.start Starting ProtocolHandler ["http-nio-8080"]
12-Oct-2016 09:01:15.742 INFO [main] org.apache.coyote.AbstractProtocol.start Starting ProtocolHandler ["ajp-nio-8009"]
12-Oct-2016 09:01:15.742 INFO [main] org.apache.catalina.startup.Catalina.start Server startup in 3937 ms
12-Oct-2016 09:07:37.073 INFO [main] org.apache.catalina.core.StandardServer.await A valid shutdown command was received via the shutdown port. Stopping the Server instance.
12-Oct-2016 09:07:37.073 INFO [main] org.apache.coyote.AbstractProtocol.pause Pausing ProtocolHandler ["http-nio-8080"]
12-Oct-2016 09:07:37.136 INFO [main] org.apache.coyote.AbstractProtocol.pause Pausing ProtocolHandler ["ajp-nio-8009"]
12-Oct-2016 09:07:37.198 INFO [main] org.apache.catalina.core.StandardService.stopInternal Arrêt du service Catalina
12-Oct-2016 09:07:37.448 INFO [main] org.apache.coyote.AbstractProtocol.stop Stopping ProtocolHandler ["http-nio-8080"]
12-Oct-2016 09:07:37.448 INFO [1] org.apache.coyote.AbstractProtocol.stop Stopping ProtocolHandler ["ajp-nio-8009"]
12-Oct-2016 09:07:37.448 INFO [1] org.apache.coyote.AbstractProtocol.destroy Destroying ProtocolHandler ["http-nio-8080"]
12-Oct-2016 09:07:44.198 INFO [main] org.apache.catalina.core.AprLifecycleListener.init The APR based Apache Tomcat Native library which allows optimal performance in production environments was not found on the java.library.path: C:\Program Files\Java\jdk1.7.0_80\bin;C:\Windows\Sun\Java\bin;C:\Windows\system32;C:\Windows;C:\Program Files (x86)\Python35-32\Scripts\;C:\Program Files (x86)\Python35-32\;C:\Program Files\Tcl\bin;C:\Program Files\Python27\;C:\Program Files\Python27\Scripts;C:\Program Files\Perl64\site\bin;C:\Program Files\Perl64\bin;C:\Perl\site\bin;C:\Perl\bin;C:\Windows\system32;C:\Windows;C:\Windows\System32\Wbem;C:\Windows\System32\WindowsPowerShell\v1.0\;C:\Program Files (x86)\WinSCP\;C:\Program Files\Java\jdk1.7.0_80\bin;C:\Program Files (x86)\Symyx\Symyx Draw 3.3\lib;C:\Program Files (x86)\Common Files\MDL Shared\ISIS;.
12-Oct-2016 09:07:45.120 INFO [main] org.apache.coyote.AbstractProtocol.init Initializing ProtocolHandler ["http-nio-8080"]
12-Oct-2016 09:07:45.183 INFO [main] org.apache.tomcat.util.net.NioSelectorPool.getSharedSelector Using a shared selector for servlet write/read
12-Oct-2016 09:07:45.183 INFO [main] org.apache.coyote.AbstractProtocol.init Initializing ProtocolHandler ["ajp-nio-8009"]
12-Oct-2016 09:07:45.198 INFO [main] org.apache.tomcat.util.net.NioSelectorPool.getSharedSelector Using a shared selector for servlet write/read
12-Oct-2016 09:07:45.198 INFO [main] org.apache.catalina.startup.Catalina.load Initialization processed in 1934 ms
12-Oct-2016 09:07:45.292 INFO [main] org.apache.catalina.core.StandardService.startInternal Démarrage du service Catalina
12-Oct-2016 09:07:45.292 INFO [main] org.apache.catalina.core.StandardEngine.startInternal Starting Servlet Engine: Apache Tomcat/8.0.12
12-Oct-2016 09:07:45.354 INFO [localhost-startStop-1] org.apache.catalina.startup.HostConfig.deployDirectory Déploiement du répertoire E:\Sem3\BDD\TP3\tomcat8\webapps\vide de l'application web
12-Oct-2016 09:07:47.714 INFO [localhost-startStop-1] org.apache.catalina.startup.HostConfig.deployDirectory Deployment of web application directory E:\Sem3\BDD\TP3\tomcat8\webapps\vide has finished in 2 360 ms
12-Oct-2016 09:07:47.729 INFO [localhost-startStop-1] org.apache.catalina.startup.HostConfig.deployDirectory Déploiement du répertoire E:\Sem3\BDD\TP3\tomcat8\webapps\manager de l'application web
12-Oct-2016 09:07:48.104 INFO [localhost-startStop-1] org.apache.catalina.startup.HostConfig.deployDirectory Deployment of web application directory E:\Sem3\BDD\TP3\tomcat8\webapps\manager has finished in 375 ms
12-Oct-2016 09:07:48.104 INFO [localhost-startStop-1] org.apache.catalina.startup.HostConfig.deployDirectory Déploiement du répertoire E:\Sem3\BDD\TP3\tomcat8\webapps\test de l'application web
12-Oct-2016 09:07:48.339 INFO [localhost-startStop-1] org.apache.catalina.startup.HostConfig.deployDirectory Deployment of web application directory E:\Sem3\BDD\TP3\tomcat8\webapps\test has finished in 235 ms
12-Oct-2016 09:07:48.339 INFO [localhost-startStop-1] org.apache.catalina.startup.HostConfig.deployDirectory Déploiement du répertoire E:\Sem3\BDD\TP3\tomcat8\webapps\host-manager de l'application web
12-Oct-2016 09:07:48.729 INFO [localhost-startStop-1] org.apache.catalina.startup.HostConfig.deployDirectory Deployment of web application directory E:\Sem3\BDD\TP3\tomcat8\webapps\host-manager has finished in 390 ms
12-Oct-2016 09:07:48.729 INFO [localhost-startStop-1] org.apache.catalina.startup.HostConfig.deployDirectory Déploiement du répertoire E:\Sem3\BDD\TP3\tomcat8\webapps\__MACOSX de l'application web
12-Oct-2016 09:07:48.995 INFO [localhost-startStop-1] org.apache.catalina.startup.HostConfig.deployDirectory Deployment of web application directory E:\Sem3\BDD\TP3\tomcat8\webapps\__MACOSX has finished in 266 ms
12-Oct-2016 09:07:49.011 INFO [localhost-startStop-1] org.apache.catalina.startup.HostConfig.deployDirectory Déploiement du répertoire E:\Sem3\BDD\TP3\tomcat8\webapps\ROOT de l'application web
12-Oct-2016 09:07:49.276 INFO [localhost-startStop-1] org.apache.catalina.startup.HostConfig.deployDirectory Deployment of web application directory E:\Sem3\BDD\TP3\tomcat8\webapps\ROOT has finished in 265 ms
12-Oct-2016 09:07:49.292 INFO [main] org.apache.coyote.AbstractProtocol.start Starting ProtocolHandler ["http-nio-8080"]
12-Oct-2016 09:07:49.386 INFO [main] org.apache.coyote.AbstractProtocol.start Starting ProtocolHandler ["ajp-nio-8009"]
12-Oct-2016 09:07:49.386 INFO [main] org.apache.catalina.startup.Catalina.start Server startup in 4197 ms
12-Oct-2016 09:09:00.057 INFO [ContainerBackgroundProcessor[StandardEngine[Catalina]]] org.apache.catalina.core.StandardContext.reload Le rechargement du contexte [/vide] a démarré
12-Oct-2016 09:09:00.669 INFO [ContainerBackgroundProcessor[StandardEngine[Catalina]]] org.apache.catalina.core.StandardContext.reload Le rechargement de ce contexte est terminé
12-Oct-2016 09:10:51.763 INFO [ContainerBackgroundProcessor[StandardEngine[Catalina]]] org.apache.catalina.core.StandardContext.reload Le rechargement du contexte [/vide] a démarré
12-Oct-2016 09:10:52.294 INFO [ContainerBackgroundProcessor[StandardEngine[Catalina]]] org.apache.catalina.core.StandardContext.reload Le rechargement de ce contexte est terminé
12-Oct-2016 09:16:46.018 INFO [ContainerBackgroundProcessor[StandardEngine[Catalina]]] org.apache.catalina.core.StandardContext.reload Le rechargement du contexte [/vide] a démarré
12-Oct-2016 09:16:46.502 INFO [ContainerBackgroundProcessor[StandardEngine[Catalina]]] org.apache.catalina.core.StandardContext.reload Le rechargement de ce contexte est terminé
12-Oct-2016 09:18:47.721 INFO [ContainerBackgroundProcessor[StandardEngine[Catalina]]] org.apache.catalina.core.StandardContext.reload Le rechargement du contexte [/vide] a démarré
12-Oct-2016 09:18:48.455 INFO [ContainerBackgroundProcessor[StandardEngine[Catalina]]] org.apache.catalina.core.StandardContext.reload Le rechargement de ce contexte est terminé
12-Oct-2016 09:24:32.306 INFO [ContainerBackgroundProcessor[StandardEngine[Catalina]]] org.apache.catalina.core.StandardContext.reload Le rechargement du contexte [/vide] a démarré
12-Oct-2016 09:24:33.149 INFO [ContainerBackgroundProcessor[StandardEngine[Catalina]]] org.apache.catalina.core.StandardContext.reload Le rechargement de ce contexte est terminé
12-Oct-2016 09:25:03.478 INFO [ContainerBackgroundProcessor[StandardEngine[Catalina]]] org.apache.catalina.core.StandardContext.reload Le rechargement du contexte [/vide] a démarré
12-Oct-2016 09:25:04.040 INFO [ContainerBackgroundProcessor[StandardEngine[Catalina]]] org.apache.catalina.core.StandardContext.reload Le rechargement de ce contexte est terminé
12-Oct-2016 09:25:44.415 INFO [ContainerBackgroundProcessor[StandardEngine[Catalina]]] org.apache.catalina.core.StandardContext.reload Le rechargement du contexte [/vide] a démarré
12-Oct-2016 09:25:44.884 INFO [ContainerBackgroundProcessor[StandardEngine[Catalina]]] org.apache.catalina.core.StandardContext.reload Le rechargement de ce contexte est terminé
12-Oct-2016 09:25:54.978 INFO [ContainerBackgroundProcessor[StandardEngine[Catalina]]] org.apache.catalina.core.StandardContext.reload Le rechargement du contexte [/vide] a démarré
12-Oct-2016 09:25:55.196 INFO [ContainerBackgroundProcessor[StandardEngine[Catalina]]] org.apache.catalina.core.StandardContext.reload Le rechargement de ce contexte est terminé
12-Oct-2016 09:27:36.524 INFO [main] org.apache.catalina.core.StandardServer.await A valid shutdown command was received via the shutdown port. Stopping the Server instance.
12-Oct-2016 09:27:36.524 INFO [main] org.apache.coyote.AbstractProtocol.pause Pausing ProtocolHandler ["http-nio-8080"]
12-Oct-2016 09:27:36.587 INFO [main] org.apache.coyote.AbstractProtocol.pause Pausing ProtocolHandler ["ajp-nio-8009"]
12-Oct-2016 09:27:36.649 INFO [main] org.apache.catalina.core.StandardService.stopInternal Arrêt du service Catalina
12-Oct-2016 09:27:36.853 INFO [main] org.apache.coyote.AbstractProtocol.stop Stopping ProtocolHandler ["http-nio-8080"]
12-Oct-2016 09:27:36.931 INFO [1] org.apache.coyote.AbstractProtocol.stop Stopping ProtocolHandler ["ajp-nio-8009"]
12-Oct-2016 09:27:36.931 INFO [1] org.apache.coyote.AbstractProtocol.destroy Destroying ProtocolHandler ["http-nio-8080"]
12-Oct-2016 09:27:40.743 INFO [main] org.apache.catalina.core.AprLifecycleListener.init The APR based Apache Tomcat Native library which allows optimal performance in production environments was not found on the java.library.path: C:\Program Files\Java\jdk1.7.0_80\bin;C:\Windows\Sun\Java\bin;C:\Windows\system32;C:\Windows;C:\Program Files (x86)\Python35-32\Scripts\;C:\Program Files (x86)\Python35-32\;C:\Program Files\Tcl\bin;C:\Program Files\Python27\;C:\Program Files\Python27\Scripts;C:\Program Files\Perl64\site\bin;C:\Program Files\Perl64\bin;C:\Perl\site\bin;C:\Perl\bin;C:\Windows\system32;C:\Windows;C:\Windows\System32\Wbem;C:\Windows\System32\WindowsPowerShell\v1.0\;C:\Program Files (x86)\WinSCP\;C:\Program Files\Java\jdk1.7.0_80\bin;C:\Program Files (x86)\Symyx\Symyx Draw 3.3\lib;C:\Program Files (x86)\Common Files\MDL Shared\ISIS;.
12-Oct-2016 09:27:41.493 INFO [main] org.apache.coyote.AbstractProtocol.init Initializing ProtocolHandler ["http-nio-8080"]
12-Oct-2016 09:27:41.540 INFO [main] org.apache.tomcat.util.net.NioSelectorPool.getSharedSelector Using a shared selector for servlet write/read
12-Oct-2016 09:27:41.540 INFO [main] org.apache.coyote.AbstractProtocol.init Initializing ProtocolHandler ["ajp-nio-8009"]
12-Oct-2016 09:27:41.556 INFO [main] org.apache.tomcat.util.net.NioSelectorPool.getSharedSelector Using a shared selector for servlet write/read
12-Oct-2016 09:27:41.556 INFO [main] org.apache.catalina.startup.Catalina.load Initialization processed in 1789 ms
12-Oct-2016 09:27:41.665 INFO [main] org.apache.catalina.core.StandardService.startInternal Démarrage du service Catalina
12-Oct-2016 09:27:41.665 INFO [main] org.apache.catalina.core.StandardEngine.startInternal Starting Servlet Engine: Apache Tomcat/8.0.12
12-Oct-2016 09:27:41.712 INFO [localhost-startStop-1] org.apache.catalina.startup.HostConfig.deployDirectory Déploiement du répertoire E:\Sem3\BDD\TP3\tomcat8\webapps\vide de l'application web
12-Oct-2016 09:27:43.743 INFO [localhost-startStop-1] org.apache.catalina.startup.HostConfig.deployDirectory Deployment of web application directory E:\Sem3\BDD\TP3\tomcat8\webapps\vide has finished in 2 031 ms
12-Oct-2016 09:27:43.743 INFO [localhost-startStop-1] org.apache.catalina.startup.HostConfig.deployDirectory Déploiement du répertoire E:\Sem3\BDD\TP3\tomcat8\webapps\manager de l'application web
12-Oct-2016 09:27:44.071 INFO [localhost-startStop-1] org.apache.catalina.startup.HostConfig.deployDirectory Deployment of web application directory E:\Sem3\BDD\TP3\tomcat8\webapps\manager has finished in 328 ms
12-Oct-2016 09:27:44.071 INFO [localhost-startStop-1] org.apache.catalina.startup.HostConfig.deployDirectory Déploiement du répertoire E:\Sem3\BDD\TP3\tomcat8\webapps\test de l'application web
12-Oct-2016 09:27:44.321 INFO [localhost-startStop-1] org.apache.catalina.startup.HostConfig.deployDirectory Deployment of web application directory E:\Sem3\BDD\TP3\tomcat8\webapps\test has finished in 250 ms
12-Oct-2016 09:27:44.321 INFO [localhost-startStop-1] org.apache.catalina.startup.HostConfig.deployDirectory Déploiement du répertoire E:\Sem3\BDD\TP3\tomcat8\webapps\host-manager de l'application web
12-Oct-2016 09:27:44.712 INFO [localhost-startStop-1] org.apache.catalina.startup.HostConfig.deployDirectory Deployment of web application directory E:\Sem3\BDD\TP3\tomcat8\webapps\host-manager has finished in 391 ms
12-Oct-2016 09:27:44.712 INFO [localhost-startStop-1] org.apache.catalina.startup.HostConfig.deployDirectory Déploiement du répertoire E:\Sem3\BDD\TP3\tomcat8\webapps\__MACOSX de l'application web
12-Oct-2016 09:27:44.978 INFO [localhost-startStop-1] org.apache.catalina.startup.HostConfig.deployDirectory Deployment of web application directory E:\Sem3\BDD\TP3\tomcat8\webapps\__MACOSX has finished in 266 ms
12-Oct-2016 09:27:44.978 INFO [localhost-startStop-1] org.apache.catalina.startup.HostConfig.deployDirectory Déploiement du répertoire E:\Sem3\BDD\TP3\tomcat8\webapps\ROOT de l'application web
12-Oct-2016 09:27:45.228 INFO [localhost-startStop-1] org.apache.catalina.startup.HostConfig.deployDirectory Deployment of web application directory E:\Sem3\BDD\TP3\tomcat8\webapps\ROOT has finished in 250 ms
12-Oct-2016 09:27:45.243 INFO [main] org.apache.coyote.AbstractProtocol.start Starting ProtocolHandler ["http-nio-8080"]
12-Oct-2016 09:27:45.321 INFO [main] org.apache.coyote.AbstractProtocol.start Starting ProtocolHandler ["ajp-nio-8009"]
12-Oct-2016 09:27:45.321 INFO [main] org.apache.catalina.startup.Catalina.start Server startup in 3774 ms
12-Oct-2016 09:32:18.212 INFO [ContainerBackgroundProcessor[StandardEngine[Catalina]]] org.apache.catalina.core.StandardContext.reload Le rechargement du contexte [/vide] a démarré
12-Oct-2016 09:32:18.790 INFO [ContainerBackgroundProcessor[StandardEngine[Catalina]]] org.apache.catalina.core.StandardContext.reload Le rechargement de ce contexte est terminé
12-Oct-2016 09:32:49.665 INFO [ContainerBackgroundProcessor[StandardEngine[Catalina]]] org.apache.catalina.core.StandardContext.reload Le rechargement du contexte [/vide] a démarré
12-Oct-2016 09:32:50.149 INFO [ContainerBackgroundProcessor[StandardEngine[Catalina]]] org.apache.catalina.core.StandardContext.reload Le rechargement de ce contexte est terminé
12-Oct-2016 09:41:25.321 INFO [ContainerBackgroundProcessor[StandardEngine[Catalina]]] org.apache.catalina.core.StandardContext.reload Le rechargement du contexte [/vide] a démarré
12-Oct-2016 09:41:25.853 INFO [ContainerBackgroundProcessor[StandardEngine[Catalina]]] org.apache.catalina.core.StandardContext.reload Le rechargement de ce contexte est terminé
12-Oct-2016 09:42:56.790 INFO [ContainerBackgroundProcessor[StandardEngine[Catalina]]] org.apache.catalina.core.StandardContext.reload Le rechargement du contexte [/vide] a démarré
12-Oct-2016 09:42:57.337 INFO [ContainerBackgroundProcessor[StandardEngine[Catalina]]] org.apache.catalina.core.StandardContext.reload Le rechargement de ce contexte est terminé
12-Oct-2016 09:44:08.009 INFO [ContainerBackgroundProcessor[StandardEngine[Catalina]]] org.apache.catalina.core.StandardContext.reload Le rechargement du contexte [/vide] a démarré
12-Oct-2016 09:44:09.056 INFO [ContainerBackgroundProcessor[StandardEngine[Catalina]]] org.apache.catalina.core.StandardContext.reload Le rechargement de ce contexte est terminé
12-Oct-2016 09:46:00.212 INFO [ContainerBackgroundProcessor[StandardEngine[Catalina]]] org.apache.catalina.core.StandardContext.reload Le rechargement du contexte [/vide] a démarré
12-Oct-2016 09:46:00.728 INFO [ContainerBackgroundProcessor[StandardEngine[Catalina]]] org.apache.catalina.core.StandardContext.reload Le rechargement de ce contexte est terminé
12-Oct-2016 09:55:46.399 INFO [ContainerBackgroundProcessor[StandardEngine[Catalina]]] org.apache.catalina.core.StandardContext.reload Le rechargement du contexte [/vide] a démarré
12-Oct-2016 09:55:46.946 INFO [ContainerBackgroundProcessor[StandardEngine[Catalina]]] org.apache.catalina.core.StandardContext.reload Le rechargement de ce contexte est terminé
12-Oct-2016 10:04:21.932 INFO [ContainerBackgroundProcessor[StandardEngine[Catalina]]] org.apache.catalina.core.StandardContext.reload Le rechargement du contexte [/vide] a démarré
12-Oct-2016 10:04:22.447 INFO [ContainerBackgroundProcessor[StandardEngine[Catalina]]] org.apache.catalina.core.StandardContext.reload Le rechargement de ce contexte est terminé
12-Oct-2016 10:05:33.213 INFO [ContainerBackgroundProcessor[StandardEngine[Catalina]]] org.apache.catalina.core.StandardContext.reload Le rechargement du contexte [/vide] a démarré
12-Oct-2016 10:05:33.807 INFO [ContainerBackgroundProcessor[StandardEngine[Catalina]]] org.apache.catalina.core.StandardContext.reload Le rechargement de ce contexte est terminé
12-Oct-2016 10:07:35.088 INFO [ContainerBackgroundProcessor[StandardEngine[Catalina]]] org.apache.catalina.core.StandardContext.reload Le rechargement du contexte [/vide] a démarré
12-Oct-2016 10:07:35.619 INFO [ContainerBackgroundProcessor[StandardEngine[Catalina]]] org.apache.catalina.core.StandardContext.reload Le rechargement de ce contexte est terminé
12-Oct-2016 10:10:27.365 INFO [ContainerBackgroundProcessor[StandardEngine[Catalina]]] org.apache.catalina.core.StandardContext.reload Le rechargement du contexte [/vide] a démarré
12-Oct-2016 10:10:27.916 INFO [ContainerBackgroundProcessor[StandardEngine[Catalina]]] org.apache.catalina.core.StandardContext.reload Le rechargement de ce contexte est terminé
12-Oct-2016 10:11:58.793 INFO [ContainerBackgroundProcessor[StandardEngine[Catalina]]] org.apache.catalina.core.StandardContext.reload Le rechargement du contexte [/vide] a démarré
12-Oct-2016 10:11:59.355 INFO [ContainerBackgroundProcessor[StandardEngine[Catalina]]] org.apache.catalina.core.StandardContext.reload Le rechargement de ce contexte est terminé
12-Oct-2016 10:23:26.262 INFO [ContainerBackgroundProcessor[StandardEngine[Catalina]]] org.apache.catalina.core.StandardContext.reload Le rechargement du contexte [/vide] a démarré
12-Oct-2016 10:23:26.762 INFO [ContainerBackgroundProcessor[StandardEngine[Catalina]]] org.apache.catalina.core.StandardContext.reload Le rechargement de ce contexte est terminé
12-Oct-2016 10:45:00.302 INFO [ContainerBackgroundProcessor[StandardEngine[Catalina]]] org.apache.catalina.core.StandardContext.reload Le rechargement du contexte [/vide] a démarré
12-Oct-2016 10:45:00.947 INFO [ContainerBackgroundProcessor[StandardEngine[Catalina]]] org.apache.catalina.core.StandardContext.reload Le rechargement de ce contexte est terminé
12-Oct-2016 10:47:12.352 INFO [ContainerBackgroundProcessor[StandardEngine[Catalina]]] org.apache.catalina.core.StandardContext.reload Le rechargement du contexte [/vide] a démarré
12-Oct-2016 10:47:12.978 INFO [ContainerBackgroundProcessor[StandardEngine[Catalina]]] org.apache.catalina.core.StandardContext.reload Le rechargement de ce contexte est terminé
12-Oct-2016 10:51:55.736 INFO [ContainerBackgroundProcessor[StandardEngine[Catalina]]] org.apache.catalina.core.StandardContext.reload Le rechargement du contexte [/vide] a démarré
12-Oct-2016 10:51:56.083 INFO [ContainerBackgroundProcessor[StandardEngine[Catalina]]] org.apache.catalina.core.StandardContext.reload Le rechargement de ce contexte est terminé
12-Oct-2016 10:53:15.718 INFO [ContainerBackgroundProcessor[StandardEngine[Catalina]]] org.apache.catalina.core.StandardContext.reload Le rechargement du contexte [/vide] a démarré
12-Oct-2016 10:53:16.256 INFO [ContainerBackgroundProcessor[StandardEngine[Catalina]]] org.apache.catalina.core.StandardContext.reload Le rechargement de ce contexte est terminé
12-Oct-2016 10:54:23.380 INFO [ContainerBackgroundProcessor[StandardEngine[Catalina]]] org.apache.catalina.core.StandardContext.reload Le rechargement du contexte [/vide] a démarré
12-Oct-2016 10:54:23.929 INFO [ContainerBackgroundProcessor[StandardEngine[Catalina]]] org.apache.catalina.core.StandardContext.reload Le rechargement de ce contexte est terminé
12-Oct-2016 10:54:58.390 INFO [ContainerBackgroundProcessor[StandardEngine[Catalina]]] org.apache.catalina.core.StandardContext.reload Le rechargement du contexte [/vide] a démarré
12-Oct-2016 10:54:59.189 INFO [ContainerBackgroundProcessor[StandardEngine[Catalina]]] org.apache.catalina.core.StandardContext.reload Le rechargement de ce contexte est terminé
12-Oct-2016 11:10:55.595 INFO [ContainerBackgroundProcessor[StandardEngine[Catalina]]] org.apache.catalina.core.StandardContext.reload Le rechargement du contexte [/vide] a démarré
12-Oct-2016 11:10:56.110 INFO [ContainerBackgroundProcessor[StandardEngine[Catalina]]] org.apache.catalina.core.StandardContext.reload Le rechargement de ce contexte est terminé
12-Oct-2016 11:11:14.044 SEVERE [main] org.apache.catalina.startup.Catalina.stopServer Could not contact localhost:8005. Tomcat may not be running.
12-Oct-2016 11:11:14.044 SEVERE [main] org.apache.catalina.startup.Catalina.stopServer Catalina.stop: 
 java.net.ConnectException: Connection refused: connect
	at java.net.DualStackPlainSocketImpl.connect0(Native Method)
	at java.net.DualStackPlainSocketImpl.socketConnect(DualStackPlainSocketImpl.java:79)
	at java.net.AbstractPlainSocketImpl.doConnect(AbstractPlainSocketImpl.java:339)
	at java.net.AbstractPlainSocketImpl.connectToAddress(AbstractPlainSocketImpl.java:200)
	at java.net.AbstractPlainSocketImpl.connect(AbstractPlainSocketImpl.java:182)
	at java.net.PlainSocketImpl.connect(PlainSocketImpl.java:172)
	at java.net.SocksSocketImpl.connect(SocksSocketImpl.java:392)
	at java.net.Socket.connect(Socket.java:579)
	at java.net.Socket.connect(Socket.java:528)
	at java.net.Socket.<init>(Socket.java:425)
	at java.net.Socket.<init>(Socket.java:208)
	at org.apache.catalina.startup.Catalina.stopServer(Catalina.java:450)
	at sun.reflect.NativeMethodAccessorImpl.invoke0(Native Method)
	at sun.reflect.NativeMethodAccessorImpl.invoke(NativeMethodAccessorImpl.java:57)
	at sun.reflect.DelegatingMethodAccessorImpl.invoke(DelegatingMethodAccessorImpl.java:43)
	at java.lang.reflect.Method.invoke(Method.java:606)
	at org.apache.catalina.startup.Bootstrap.stopServer(Bootstrap.java:400)
	at org.apache.catalina.startup.Bootstrap.main(Bootstrap.java:487)

12-Oct-2016 11:12:38.249 INFO [main] org.apache.catalina.core.AprLifecycleListener.init The APR based Apache Tomcat Native library which allows optimal performance in production environments was not found on the java.library.path: C:\Program Files\Java\jdk1.7.0_80\bin;C:\Windows\Sun\Java\bin;C:\Windows\system32;C:\Windows;C:\Program Files (x86)\Python35-32\Scripts\;C:\Program Files (x86)\Python35-32\;C:\Program Files\Tcl\bin;C:\Program Files\Python27\;C:\Program Files\Python27\Scripts;C:\Program Files\Perl64\site\bin;C:\Program Files\Perl64\bin;C:\Perl\site\bin;C:\Perl\bin;C:\Windows\system32;C:\Windows;C:\Windows\System32\Wbem;C:\Windows\System32\WindowsPowerShell\v1.0\;C:\Program Files (x86)\WinSCP\;C:\Program Files\Java\jdk1.7.0_80\bin;C:\Program Files (x86)\Symyx\Symyx Draw 3.3\lib;C:\Program Files (x86)\Common Files\MDL Shared\ISIS;.
12-Oct-2016 11:12:39.033 INFO [main] org.apache.coyote.AbstractProtocol.init Initializing ProtocolHandler ["http-nio-8080"]
12-Oct-2016 11:12:39.064 INFO [main] org.apache.tomcat.util.net.NioSelectorPool.getSharedSelector Using a shared selector for servlet write/read
12-Oct-2016 11:12:39.080 INFO [main] org.apache.coyote.AbstractProtocol.init Initializing ProtocolHandler ["ajp-nio-8009"]
12-Oct-2016 11:12:39.088 INFO [main] org.apache.tomcat.util.net.NioSelectorPool.getSharedSelector Using a shared selector for servlet write/read
12-Oct-2016 11:12:39.088 INFO [main] org.apache.catalina.startup.Catalina.load Initialization processed in 1819 ms
12-Oct-2016 11:12:39.174 INFO [main] org.apache.catalina.core.StandardService.startInternal Démarrage du service Catalina
12-Oct-2016 11:12:39.174 INFO [main] org.apache.catalina.core.StandardEngine.startInternal Starting Servlet Engine: Apache Tomcat/8.0.12
12-Oct-2016 11:12:39.236 INFO [localhost-startStop-1] org.apache.catalina.startup.HostConfig.deployDirectory Déploiement du répertoire E:\Sem3\BDD\TP3\tomcat8\webapps\vide de l'application web
12-Oct-2016 11:12:41.443 INFO [localhost-startStop-1] org.apache.catalina.startup.HostConfig.deployDirectory Deployment of web application directory E:\Sem3\BDD\TP3\tomcat8\webapps\vide has finished in 2 199 ms
12-Oct-2016 11:12:41.443 INFO [localhost-startStop-1] org.apache.catalina.startup.HostConfig.deployDirectory Déploiement du répertoire E:\Sem3\BDD\TP3\tomcat8\webapps\manager de l'application web
12-Oct-2016 11:12:41.779 INFO [localhost-startStop-1] org.apache.catalina.startup.HostConfig.deployDirectory Deployment of web application directory E:\Sem3\BDD\TP3\tomcat8\webapps\manager has finished in 336 ms
12-Oct-2016 11:12:41.779 INFO [localhost-startStop-1] org.apache.catalina.startup.HostConfig.deployDirectory Déploiement du répertoire E:\Sem3\BDD\TP3\tomcat8\webapps\test de l'application web
12-Oct-2016 11:12:42.013 INFO [localhost-startStop-1] org.apache.catalina.startup.HostConfig.deployDirectory Deployment of web application directory E:\Sem3\BDD\TP3\tomcat8\webapps\test has finished in 234 ms
12-Oct-2016 11:12:42.013 INFO [localhost-startStop-1] org.apache.catalina.startup.HostConfig.deployDirectory Déploiement du répertoire E:\Sem3\BDD\TP3\tomcat8\webapps\host-manager de l'application web
12-Oct-2016 11:12:42.411 INFO [localhost-startStop-1] org.apache.catalina.startup.HostConfig.deployDirectory Deployment of web application directory E:\Sem3\BDD\TP3\tomcat8\webapps\host-manager has finished in 398 ms
12-Oct-2016 11:12:42.411 INFO [localhost-startStop-1] org.apache.catalina.startup.HostConfig.deployDirectory Déploiement du répertoire E:\Sem3\BDD\TP3\tomcat8\webapps\__MACOSX de l'application web
12-Oct-2016 11:12:42.707 INFO [localhost-startStop-1] org.apache.catalina.startup.HostConfig.deployDirectory Deployment of web application directory E:\Sem3\BDD\TP3\tomcat8\webapps\__MACOSX has finished in 296 ms
12-Oct-2016 11:12:42.707 INFO [localhost-startStop-1] org.apache.catalina.startup.HostConfig.deployDirectory Déploiement du répertoire E:\Sem3\BDD\TP3\tomcat8\webapps\ROOT de l'application web
12-Oct-2016 11:12:43.022 INFO [localhost-startStop-1] org.apache.catalina.startup.HostConfig.deployDirectory Deployment of web application directory E:\Sem3\BDD\TP3\tomcat8\webapps\ROOT has finished in 315 ms
12-Oct-2016 11:12:43.038 INFO [main] org.apache.coyote.AbstractProtocol.start Starting ProtocolHandler ["http-nio-8080"]
12-Oct-2016 11:12:43.134 INFO [main] org.apache.coyote.AbstractProtocol.start Starting ProtocolHandler ["ajp-nio-8009"]
12-Oct-2016 11:12:43.135 INFO [main] org.apache.catalina.startup.Catalina.start Server startup in 4011 ms
12-Oct-2016 11:27:05.576 INFO [ContainerBackgroundProcessor[StandardEngine[Catalina]]] org.apache.catalina.core.StandardContext.reload Le rechargement du contexte [/vide] a démarré
12-Oct-2016 11:27:06.781 INFO [ContainerBackgroundProcessor[StandardEngine[Catalina]]] org.apache.catalina.core.StandardContext.reload Le rechargement de ce contexte est terminé
12-Oct-2016 11:28:40.455 INFO [Thread-5] org.apache.coyote.AbstractProtocol.pause Pausing ProtocolHandler ["http-nio-8080"]
12-Oct-2016 11:28:40.476 INFO [Thread-5] org.apache.coyote.AbstractProtocol.pause Pausing ProtocolHandler ["ajp-nio-8009"]
12-Oct-2016 11:28:40.478 INFO [Thread-5] org.apache.catalina.core.StandardService.stopInternal Arrêt du service Catalina
12-Oct-2016 11:28:40.674 INFO [Thread-5] org.apache.coyote.AbstractProtocol.stop Stopping ProtocolHandler ["http-nio-8080"]
12-Oct-2016 11:28:40.772 INFO [Thread-5] org.apache.coyote.AbstractProtocol.stop Stopping ProtocolHandler ["ajp-nio-8009"]
12-Oct-2016 11:29:07.160 INFO [main] org.apache.catalina.core.AprLifecycleListener.init The APR based Apache Tomcat Native library which allows optimal performance in production environments was not found on the java.library.path: C:\Program Files\Java\jdk1.7.0_80\bin;C:\Windows\Sun\Java\bin;C:\Windows\system32;C:\Windows;C:\Program Files (x86)\Python35-32\Scripts\;C:\Program Files (x86)\Python35-32\;C:\Program Files\Tcl\bin;C:\Program Files\Python27\;C:\Program Files\Python27\Scripts;C:\Program Files\Perl64\site\bin;C:\Program Files\Perl64\bin;C:\Perl\site\bin;C:\Perl\bin;C:\Windows\system32;C:\Windows;C:\Windows\System32\Wbem;C:\Windows\System32\WindowsPowerShell\v1.0\;C:\Program Files (x86)\WinSCP\;C:\Program Files\Java\jdk1.7.0_80\bin;C:\Program Files (x86)\Symyx\Symyx Draw 3.3\lib;C:\Program Files (x86)\Common Files\MDL Shared\ISIS;.
12-Oct-2016 11:29:08.063 INFO [main] org.apache.coyote.AbstractProtocol.init Initializing ProtocolHandler ["http-nio-8080"]
12-Oct-2016 11:29:08.110 INFO [main] org.apache.tomcat.util.net.NioSelectorPool.getSharedSelector Using a shared selector for servlet write/read
12-Oct-2016 11:29:08.122 INFO [main] org.apache.coyote.AbstractProtocol.init Initializing ProtocolHandler ["ajp-nio-8009"]
12-Oct-2016 11:29:08.132 INFO [main] org.apache.tomcat.util.net.NioSelectorPool.getSharedSelector Using a shared selector for servlet write/read
12-Oct-2016 11:29:08.133 INFO [main] org.apache.catalina.startup.Catalina.load Initialization processed in 2350 ms
12-Oct-2016 11:29:08.247 INFO [main] org.apache.catalina.core.StandardService.startInternal Démarrage du service Catalina
12-Oct-2016 11:29:08.249 INFO [main] org.apache.catalina.core.StandardEngine.startInternal Starting Servlet Engine: Apache Tomcat/8.0.12
12-Oct-2016 11:29:08.324 INFO [localhost-startStop-1] org.apache.catalina.startup.HostConfig.deployDirectory Déploiement du répertoire E:\Sem3\BDD\TP3\tomcat8\webapps\vide de l'application web
12-Oct-2016 11:29:10.913 INFO [localhost-startStop-1] org.apache.catalina.startup.HostConfig.deployDirectory Deployment of web application directory E:\Sem3\BDD\TP3\tomcat8\webapps\vide has finished in 2 588 ms
12-Oct-2016 11:29:10.915 INFO [localhost-startStop-1] org.apache.catalina.startup.HostConfig.deployDirectory Déploiement du répertoire E:\Sem3\BDD\TP3\tomcat8\webapps\manager de l'application web
12-Oct-2016 11:29:11.361 INFO [localhost-startStop-1] org.apache.catalina.startup.HostConfig.deployDirectory Deployment of web application directory E:\Sem3\BDD\TP3\tomcat8\webapps\manager has finished in 446 ms
12-Oct-2016 11:29:11.365 INFO [localhost-startStop-1] org.apache.catalina.startup.HostConfig.deployDirectory Déploiement du répertoire E:\Sem3\BDD\TP3\tomcat8\webapps\test de l'application web
12-Oct-2016 11:29:11.596 INFO [localhost-startStop-1] org.apache.catalina.startup.HostConfig.deployDirectory Deployment of web application directory E:\Sem3\BDD\TP3\tomcat8\webapps\test has finished in 231 ms
12-Oct-2016 11:29:11.598 INFO [localhost-startStop-1] org.apache.catalina.startup.HostConfig.deployDirectory Déploiement du répertoire E:\Sem3\BDD\TP3\tomcat8\webapps\host-manager de l'application web
12-Oct-2016 11:29:11.897 INFO [localhost-startStop-1] org.apache.catalina.startup.HostConfig.deployDirectory Deployment of web application directory E:\Sem3\BDD\TP3\tomcat8\webapps\host-manager has finished in 299 ms
12-Oct-2016 11:29:11.899 INFO [localhost-startStop-1] org.apache.catalina.startup.HostConfig.deployDirectory Déploiement du répertoire E:\Sem3\BDD\TP3\tomcat8\webapps\__MACOSX de l'application web
12-Oct-2016 11:29:12.179 INFO [localhost-startStop-1] org.apache.catalina.startup.HostConfig.deployDirectory Deployment of web application directory E:\Sem3\BDD\TP3\tomcat8\webapps\__MACOSX has finished in 280 ms
12-Oct-2016 11:29:12.181 INFO [localhost-startStop-1] org.apache.catalina.startup.HostConfig.deployDirectory Déploiement du répertoire E:\Sem3\BDD\TP3\tomcat8\webapps\ROOT de l'application web
12-Oct-2016 11:29:12.456 INFO [localhost-startStop-1] org.apache.catalina.startup.HostConfig.deployDirectory Deployment of web application directory E:\Sem3\BDD\TP3\tomcat8\webapps\ROOT has finished in 275 ms
12-Oct-2016 11:29:12.470 INFO [main] org.apache.coyote.AbstractProtocol.start Starting ProtocolHandler ["http-nio-8080"]
12-Oct-2016 11:29:12.501 INFO [main] org.apache.coyote.AbstractProtocol.start Starting ProtocolHandler ["ajp-nio-8009"]
12-Oct-2016 11:29:12.503 INFO [main] org.apache.catalina.startup.Catalina.start Server startup in 4370 ms
12-Oct-2016 11:29:42.823 INFO [ContainerBackgroundProcessor[StandardEngine[Catalina]]] org.apache.catalina.core.StandardContext.reload Le rechargement du contexte [/vide] a démarré
12-Oct-2016 11:29:43.631 INFO [ContainerBackgroundProcessor[StandardEngine[Catalina]]] org.apache.catalina.core.StandardContext.reload Le rechargement de ce contexte est terminé
12-Oct-2016 11:34:48.591 INFO [ContainerBackgroundProcessor[StandardEngine[Catalina]]] org.apache.catalina.core.StandardContext.reload Le rechargement du contexte [/vide] a démarré
12-Oct-2016 11:34:49.451 INFO [ContainerBackgroundProcessor[StandardEngine[Catalina]]] org.apache.catalina.core.StandardContext.reload Le rechargement de ce contexte est terminé
12-Oct-2016 11:34:59.590 INFO [ContainerBackgroundProcessor[StandardEngine[Catalina]]] org.apache.catalina.core.StandardContext.reload Le rechargement du contexte [/vide] a démarré
12-Oct-2016 11:35:00.115 INFO [ContainerBackgroundProcessor[StandardEngine[Catalina]]] org.apache.catalina.core.StandardContext.reload Le rechargement de ce contexte est terminé
12-Oct-2016 11:36:19.012 INFO [main] org.apache.catalina.core.AprLifecycleListener.init The APR based Apache Tomcat Native library which allows optimal performance in production environments was not found on the java.library.path: C:\Program Files\Java\jdk1.7.0_80\bin;C:\Windows\Sun\Java\bin;C:\Windows\system32;C:\Windows;C:\Program Files (x86)\Python35-32\Scripts\;C:\Program Files (x86)\Python35-32\;C:\Program Files\Tcl\bin;C:\Program Files\Python27\;C:\Program Files\Python27\Scripts;C:\Program Files\Perl64\site\bin;C:\Program Files\Perl64\bin;C:\Perl\site\bin;C:\Perl\bin;C:\Windows\system32;C:\Windows;C:\Windows\System32\Wbem;C:\Windows\System32\WindowsPowerShell\v1.0\;C:\Program Files (x86)\WinSCP\;C:\Program Files\Java\jdk1.7.0_80\bin;C:\Program Files (x86)\Symyx\Symyx Draw 3.3\lib;C:\Program Files (x86)\Common Files\MDL Shared\ISIS;.
12-Oct-2016 11:36:19.807 INFO [main] org.apache.coyote.AbstractProtocol.init Initializing ProtocolHandler ["http-nio-8080"]
12-Oct-2016 11:36:19.860 INFO [main] org.apache.tomcat.util.net.NioSelectorPool.getSharedSelector Using a shared selector for servlet write/read
12-Oct-2016 11:36:19.868 INFO [main] org.apache.coyote.AbstractProtocol.init Initializing ProtocolHandler ["ajp-nio-8009"]
12-Oct-2016 11:36:19.876 INFO [main] org.apache.tomcat.util.net.NioSelectorPool.getSharedSelector Using a shared selector for servlet write/read
12-Oct-2016 11:36:19.879 INFO [main] org.apache.catalina.startup.Catalina.load Initialization processed in 2336 ms
12-Oct-2016 11:36:19.984 INFO [main] org.apache.catalina.core.StandardService.startInternal Démarrage du service Catalina
12-Oct-2016 11:36:19.985 INFO [main] org.apache.catalina.core.StandardEngine.startInternal Starting Servlet Engine: Apache Tomcat/8.0.12
12-Oct-2016 11:36:20.044 INFO [localhost-startStop-1] org.apache.catalina.startup.HostConfig.deployDirectory Déploiement du répertoire E:\Sem3\BDD\TP3\tomcat8\webapps\vide de l'application web
12-Oct-2016 11:36:22.473 INFO [localhost-startStop-1] org.apache.catalina.startup.HostConfig.deployDirectory Deployment of web application directory E:\Sem3\BDD\TP3\tomcat8\webapps\vide has finished in 2 427 ms
12-Oct-2016 11:36:22.475 INFO [localhost-startStop-1] org.apache.catalina.startup.HostConfig.deployDirectory Déploiement du répertoire E:\Sem3\BDD\TP3\tomcat8\webapps\manager de l'application web
12-Oct-2016 11:36:22.858 INFO [localhost-startStop-1] org.apache.catalina.startup.HostConfig.deployDirectory Deployment of web application directory E:\Sem3\BDD\TP3\tomcat8\webapps\manager has finished in 383 ms
12-Oct-2016 11:36:22.862 INFO [localhost-startStop-1] org.apache.catalina.startup.HostConfig.deployDirectory Déploiement du répertoire E:\Sem3\BDD\TP3\tomcat8\webapps\test de l'application web
12-Oct-2016 11:36:23.137 INFO [localhost-startStop-1] org.apache.catalina.startup.HostConfig.deployDirectory Deployment of web application directory E:\Sem3\BDD\TP3\tomcat8\webapps\test has finished in 275 ms
12-Oct-2016 11:36:23.138 INFO [localhost-startStop-1] org.apache.catalina.startup.HostConfig.deployDirectory Déploiement du répertoire E:\Sem3\BDD\TP3\tomcat8\webapps\host-manager de l'application web
12-Oct-2016 11:36:23.545 INFO [localhost-startStop-1] org.apache.catalina.startup.HostConfig.deployDirectory Deployment of web application directory E:\Sem3\BDD\TP3\tomcat8\webapps\host-manager has finished in 408 ms
12-Oct-2016 11:36:23.546 INFO [localhost-startStop-1] org.apache.catalina.startup.HostConfig.deployDirectory Déploiement du répertoire E:\Sem3\BDD\TP3\tomcat8\webapps\__MACOSX de l'application web
12-Oct-2016 11:36:23.813 INFO [localhost-startStop-1] org.apache.catalina.startup.HostConfig.deployDirectory Deployment of web application directory E:\Sem3\BDD\TP3\tomcat8\webapps\__MACOSX has finished in 267 ms
12-Oct-2016 11:36:23.815 INFO [localhost-startStop-1] org.apache.catalina.startup.HostConfig.deployDirectory Déploiement du répertoire E:\Sem3\BDD\TP3\tomcat8\webapps\ROOT de l'application web
12-Oct-2016 11:36:24.080 INFO [localhost-startStop-1] org.apache.catalina.startup.HostConfig.deployDirectory Deployment of web application directory E:\Sem3\BDD\TP3\tomcat8\webapps\ROOT has finished in 265 ms
12-Oct-2016 11:36:24.093 INFO [main] org.apache.coyote.AbstractProtocol.start Starting ProtocolHandler ["http-nio-8080"]
12-Oct-2016 11:36:24.176 INFO [main] org.apache.coyote.AbstractProtocol.start Starting ProtocolHandler ["ajp-nio-8009"]
12-Oct-2016 11:36:24.178 INFO [main] org.apache.catalina.startup.Catalina.start Server startup in 4299 ms
12-Oct-2016 11:38:35.775 INFO [ContainerBackgroundProcessor[StandardEngine[Catalina]]] org.apache.catalina.core.StandardContext.reload Le rechargement du contexte [/vide] a démarré
12-Oct-2016 11:38:36.936 INFO [ContainerBackgroundProcessor[StandardEngine[Catalina]]] org.apache.catalina.core.StandardContext.reload Le rechargement de ce contexte est terminé
