10-Nov-2016 16:04:41.644 INFO [main] org.apache.catalina.core.AprLifecycleListener.init The APR based Apache Tomcat Native library which allows optimal performance in production environments was not found on the java.library.path: /usr/java/packages/lib/amd64:/usr/lib64:/lib64:/lib:/usr/lib
10-Nov-2016 16:04:41.787 INFO [main] org.apache.coyote.AbstractProtocol.init Initializing ProtocolHandler ["http-nio-8080"]
10-Nov-2016 16:04:41.798 INFO [main] org.apache.tomcat.util.net.NioSelectorPool.getSharedSelector Using a shared selector for servlet write/read
10-Nov-2016 16:04:41.800 INFO [main] org.apache.coyote.AbstractProtocol.init Initializing ProtocolHandler ["ajp-nio-8009"]
10-Nov-2016 16:04:41.801 INFO [main] org.apache.tomcat.util.net.NioSelectorPool.getSharedSelector Using a shared selector for servlet write/read
10-Nov-2016 16:04:41.801 INFO [main] org.apache.catalina.startup.Catalina.load Initialization processed in 355 ms
10-Nov-2016 16:04:41.822 INFO [main] org.apache.catalina.core.StandardService.startInternal Démarrage du service Catalina
10-Nov-2016 16:04:41.823 INFO [main] org.apache.catalina.core.StandardEngine.startInternal Starting Servlet Engine: Apache Tomcat/8.0.12
10-Nov-2016 16:04:41.833 INFO [localhost-startStop-1] org.apache.catalina.startup.HostConfig.deployDirectory Déploiement du répertoire /home/infoetu/pelleria/Sem3/BDD/TP3/tomcat8/webapps/vide de l'application web
10-Nov-2016 16:04:42.201 INFO [localhost-startStop-1] org.apache.jasper.servlet.TldScanner.scanJars At least one JAR was scanned for TLDs yet contained no TLDs. Enable debug logging for this logger for a complete list of JARs that were scanned but no TLDs were found in them. Skipping unneeded JARs during scanning can improve startup time and JSP compilation time.
10-Nov-2016 16:04:42.247 INFO [localhost-startStop-1] org.apache.catalina.startup.HostConfig.deployDirectory Deployment of web application directory /home/infoetu/pelleria/Sem3/BDD/TP3/tomcat8/webapps/vide has finished in 413 ms
10-Nov-2016 16:04:42.247 INFO [localhost-startStop-1] org.apache.catalina.startup.HostConfig.deployDirectory Déploiement du répertoire /home/infoetu/pelleria/Sem3/BDD/TP3/tomcat8/webapps/manager de l'application web
10-Nov-2016 16:04:42.329 INFO [localhost-startStop-1] org.apache.jasper.servlet.TldScanner.scanJars At least one JAR was scanned for TLDs yet contained no TLDs. Enable debug logging for this logger for a complete list of JARs that were scanned but no TLDs were found in them. Skipping unneeded JARs during scanning can improve startup time and JSP compilation time.
10-Nov-2016 16:04:42.334 INFO [localhost-startStop-1] org.apache.catalina.startup.HostConfig.deployDirectory Deployment of web application directory /home/infoetu/pelleria/Sem3/BDD/TP3/tomcat8/webapps/manager has finished in 86 ms
10-Nov-2016 16:04:42.334 INFO [localhost-startStop-1] org.apache.catalina.startup.HostConfig.deployDirectory Déploiement du répertoire /home/infoetu/pelleria/Sem3/BDD/TP3/tomcat8/webapps/.metadata de l'application web
10-Nov-2016 16:04:42.382 INFO [localhost-startStop-1] org.apache.jasper.servlet.TldScanner.scanJars At least one JAR was scanned for TLDs yet contained no TLDs. Enable debug logging for this logger for a complete list of JARs that were scanned but no TLDs were found in them. Skipping unneeded JARs during scanning can improve startup time and JSP compilation time.
10-Nov-2016 16:04:42.385 INFO [localhost-startStop-1] org.apache.catalina.startup.HostConfig.deployDirectory Deployment of web application directory /home/infoetu/pelleria/Sem3/BDD/TP3/tomcat8/webapps/.metadata has finished in 51 ms
10-Nov-2016 16:04:42.385 INFO [localhost-startStop-1] org.apache.catalina.startup.HostConfig.deployDirectory Déploiement du répertoire /home/infoetu/pelleria/Sem3/BDD/TP3/tomcat8/webapps/test de l'application web
10-Nov-2016 16:04:42.433 INFO [localhost-startStop-1] org.apache.jasper.servlet.TldScanner.scanJars At least one JAR was scanned for TLDs yet contained no TLDs. Enable debug logging for this logger for a complete list of JARs that were scanned but no TLDs were found in them. Skipping unneeded JARs during scanning can improve startup time and JSP compilation time.
10-Nov-2016 16:04:42.436 INFO [localhost-startStop-1] org.apache.catalina.startup.HostConfig.deployDirectory Deployment of web application directory /home/infoetu/pelleria/Sem3/BDD/TP3/tomcat8/webapps/test has finished in 50 ms
10-Nov-2016 16:04:42.436 INFO [localhost-startStop-1] org.apache.catalina.startup.HostConfig.deployDirectory Déploiement du répertoire /home/infoetu/pelleria/Sem3/BDD/TP3/tomcat8/webapps/host-manager de l'application web
10-Nov-2016 16:04:42.503 INFO [localhost-startStop-1] org.apache.jasper.servlet.TldScanner.scanJars At least one JAR was scanned for TLDs yet contained no TLDs. Enable debug logging for this logger for a complete list of JARs that were scanned but no TLDs were found in them. Skipping unneeded JARs during scanning can improve startup time and JSP compilation time.
10-Nov-2016 16:04:42.505 INFO [localhost-startStop-1] org.apache.catalina.startup.HostConfig.deployDirectory Deployment of web application directory /home/infoetu/pelleria/Sem3/BDD/TP3/tomcat8/webapps/host-manager has finished in 69 ms
10-Nov-2016 16:04:42.505 INFO [localhost-startStop-1] org.apache.catalina.startup.HostConfig.deployDirectory Déploiement du répertoire /home/infoetu/pelleria/Sem3/BDD/TP3/tomcat8/webapps/RemoteSystemsTempFiles de l'application web
10-Nov-2016 16:04:42.550 INFO [localhost-startStop-1] org.apache.jasper.servlet.TldScanner.scanJars At least one JAR was scanned for TLDs yet contained no TLDs. Enable debug logging for this logger for a complete list of JARs that were scanned but no TLDs were found in them. Skipping unneeded JARs during scanning can improve startup time and JSP compilation time.
10-Nov-2016 16:04:42.563 INFO [localhost-startStop-1] org.apache.catalina.startup.HostConfig.deployDirectory Deployment of web application directory /home/infoetu/pelleria/Sem3/BDD/TP3/tomcat8/webapps/RemoteSystemsTempFiles has finished in 58 ms
10-Nov-2016 16:04:42.564 INFO [localhost-startStop-1] org.apache.catalina.startup.HostConfig.deployDirectory Déploiement du répertoire /home/infoetu/pelleria/Sem3/BDD/TP3/tomcat8/webapps/__MACOSX de l'application web
10-Nov-2016 16:04:42.609 INFO [localhost-startStop-1] org.apache.jasper.servlet.TldScanner.scanJars At least one JAR was scanned for TLDs yet contained no TLDs. Enable debug logging for this logger for a complete list of JARs that were scanned but no TLDs were found in them. Skipping unneeded JARs during scanning can improve startup time and JSP compilation time.
10-Nov-2016 16:04:42.612 INFO [localhost-startStop-1] org.apache.catalina.startup.HostConfig.deployDirectory Deployment of web application directory /home/infoetu/pelleria/Sem3/BDD/TP3/tomcat8/webapps/__MACOSX has finished in 48 ms
10-Nov-2016 16:04:42.612 INFO [localhost-startStop-1] org.apache.catalina.startup.HostConfig.deployDirectory Déploiement du répertoire /home/infoetu/pelleria/Sem3/BDD/TP3/tomcat8/webapps/ROOT de l'application web
10-Nov-2016 16:04:42.669 INFO [localhost-startStop-1] org.apache.jasper.servlet.TldScanner.scanJars At least one JAR was scanned for TLDs yet contained no TLDs. Enable debug logging for this logger for a complete list of JARs that were scanned but no TLDs were found in them. Skipping unneeded JARs during scanning can improve startup time and JSP compilation time.
10-Nov-2016 16:04:42.671 INFO [localhost-startStop-1] org.apache.catalina.startup.HostConfig.deployDirectory Deployment of web application directory /home/infoetu/pelleria/Sem3/BDD/TP3/tomcat8/webapps/ROOT has finished in 58 ms
10-Nov-2016 16:04:42.672 INFO [main] org.apache.coyote.AbstractProtocol.start Starting ProtocolHandler ["http-nio-8080"]
10-Nov-2016 16:04:42.677 INFO [main] org.apache.coyote.AbstractProtocol.start Starting ProtocolHandler ["ajp-nio-8009"]
10-Nov-2016 16:04:42.677 INFO [main] org.apache.catalina.startup.Catalina.start Server startup in 876 ms
10-Nov-2016 16:14:29.958 INFO [Thread-5] org.apache.coyote.AbstractProtocol.pause Pausing ProtocolHandler ["http-nio-8080"]
10-Nov-2016 16:14:30.010 INFO [Thread-5] org.apache.coyote.AbstractProtocol.pause Pausing ProtocolHandler ["ajp-nio-8009"]
10-Nov-2016 16:14:30.062 INFO [Thread-5] org.apache.catalina.core.StandardService.stopInternal Arrêt du service Catalina
10-Nov-2016 16:14:30.123 INFO [Thread-5] org.apache.coyote.AbstractProtocol.stop Stopping ProtocolHandler ["http-nio-8080"]
10-Nov-2016 16:14:30.129 INFO [Thread-5] org.apache.coyote.AbstractProtocol.stop Stopping ProtocolHandler ["ajp-nio-8009"]
10-Nov-2016 16:14:30.132 INFO [Thread-5] org.apache.coyote.AbstractProtocol.destroy Destroying ProtocolHandler ["http-nio-8080"]
10-Nov-2016 16:14:30.132 INFO [Thread-5] org.apache.coyote.AbstractProtocol.destroy Destroying ProtocolHandler ["ajp-nio-8009"]
10-Nov-2016 16:14:52.269 INFO [main] org.apache.catalina.core.AprLifecycleListener.init The APR based Apache Tomcat Native library which allows optimal performance in production environments was not found on the java.library.path: /usr/java/packages/lib/amd64:/usr/lib64:/lib64:/lib:/usr/lib
10-Nov-2016 16:14:52.387 INFO [main] org.apache.coyote.AbstractProtocol.init Initializing ProtocolHandler ["http-nio-8080"]
10-Nov-2016 16:14:52.395 INFO [main] org.apache.tomcat.util.net.NioSelectorPool.getSharedSelector Using a shared selector for servlet write/read
10-Nov-2016 16:14:52.396 INFO [main] org.apache.coyote.AbstractProtocol.init Initializing ProtocolHandler ["ajp-nio-8009"]
10-Nov-2016 16:14:52.397 INFO [main] org.apache.tomcat.util.net.NioSelectorPool.getSharedSelector Using a shared selector for servlet write/read
10-Nov-2016 16:14:52.397 INFO [main] org.apache.catalina.startup.Catalina.load Initialization processed in 291 ms
10-Nov-2016 16:14:52.411 INFO [main] org.apache.catalina.core.StandardService.startInternal Démarrage du service Catalina
10-Nov-2016 16:14:52.411 INFO [main] org.apache.catalina.core.StandardEngine.startInternal Starting Servlet Engine: Apache Tomcat/8.0.12
10-Nov-2016 16:14:52.420 INFO [localhost-startStop-1] org.apache.catalina.startup.HostConfig.deployDirectory Déploiement du répertoire /home/infoetu/pelleria/Sem3/BDD/TP3/tomcat8/webapps/vide de l'application web
10-Nov-2016 16:14:52.661 INFO [localhost-startStop-1] org.apache.jasper.servlet.TldScanner.scanJars At least one JAR was scanned for TLDs yet contained no TLDs. Enable debug logging for this logger for a complete list of JARs that were scanned but no TLDs were found in them. Skipping unneeded JARs during scanning can improve startup time and JSP compilation time.
10-Nov-2016 16:14:52.698 INFO [localhost-startStop-1] org.apache.catalina.startup.HostConfig.deployDirectory Deployment of web application directory /home/infoetu/pelleria/Sem3/BDD/TP3/tomcat8/webapps/vide has finished in 277 ms
10-Nov-2016 16:14:52.698 INFO [localhost-startStop-1] org.apache.catalina.startup.HostConfig.deployDirectory Déploiement du répertoire /home/infoetu/pelleria/Sem3/BDD/TP3/tomcat8/webapps/manager de l'application web
10-Nov-2016 16:14:52.778 INFO [localhost-startStop-1] org.apache.jasper.servlet.TldScanner.scanJars At least one JAR was scanned for TLDs yet contained no TLDs. Enable debug logging for this logger for a complete list of JARs that were scanned but no TLDs were found in them. Skipping unneeded JARs during scanning can improve startup time and JSP compilation time.
10-Nov-2016 16:14:52.781 INFO [localhost-startStop-1] org.apache.catalina.startup.HostConfig.deployDirectory Deployment of web application directory /home/infoetu/pelleria/Sem3/BDD/TP3/tomcat8/webapps/manager has finished in 83 ms
10-Nov-2016 16:14:52.781 INFO [localhost-startStop-1] org.apache.catalina.startup.HostConfig.deployDirectory Déploiement du répertoire /home/infoetu/pelleria/Sem3/BDD/TP3/tomcat8/webapps/.metadata de l'application web
10-Nov-2016 16:14:52.832 INFO [localhost-startStop-1] org.apache.jasper.servlet.TldScanner.scanJars At least one JAR was scanned for TLDs yet contained no TLDs. Enable debug logging for this logger for a complete list of JARs that were scanned but no TLDs were found in them. Skipping unneeded JARs during scanning can improve startup time and JSP compilation time.
10-Nov-2016 16:14:52.835 INFO [localhost-startStop-1] org.apache.catalina.startup.HostConfig.deployDirectory Deployment of web application directory /home/infoetu/pelleria/Sem3/BDD/TP3/tomcat8/webapps/.metadata has finished in 54 ms
10-Nov-2016 16:14:52.835 INFO [localhost-startStop-1] org.apache.catalina.startup.HostConfig.deployDirectory Déploiement du répertoire /home/infoetu/pelleria/Sem3/BDD/TP3/tomcat8/webapps/test de l'application web
10-Nov-2016 16:14:52.886 INFO [localhost-startStop-1] org.apache.jasper.servlet.TldScanner.scanJars At least one JAR was scanned for TLDs yet contained no TLDs. Enable debug logging for this logger for a complete list of JARs that were scanned but no TLDs were found in them. Skipping unneeded JARs during scanning can improve startup time and JSP compilation time.
10-Nov-2016 16:14:52.888 INFO [localhost-startStop-1] org.apache.catalina.startup.HostConfig.deployDirectory Deployment of web application directory /home/infoetu/pelleria/Sem3/BDD/TP3/tomcat8/webapps/test has finished in 53 ms
10-Nov-2016 16:14:52.888 INFO [localhost-startStop-1] org.apache.catalina.startup.HostConfig.deployDirectory Déploiement du répertoire /home/infoetu/pelleria/Sem3/BDD/TP3/tomcat8/webapps/host-manager de l'application web
10-Nov-2016 16:14:52.945 INFO [localhost-startStop-1] org.apache.jasper.servlet.TldScanner.scanJars At least one JAR was scanned for TLDs yet contained no TLDs. Enable debug logging for this logger for a complete list of JARs that were scanned but no TLDs were found in them. Skipping unneeded JARs during scanning can improve startup time and JSP compilation time.
10-Nov-2016 16:14:52.947 INFO [localhost-startStop-1] org.apache.catalina.startup.HostConfig.deployDirectory Deployment of web application directory /home/infoetu/pelleria/Sem3/BDD/TP3/tomcat8/webapps/host-manager has finished in 59 ms
10-Nov-2016 16:14:52.947 INFO [localhost-startStop-1] org.apache.catalina.startup.HostConfig.deployDirectory Déploiement du répertoire /home/infoetu/pelleria/Sem3/BDD/TP3/tomcat8/webapps/RemoteSystemsTempFiles de l'application web
10-Nov-2016 16:14:52.991 INFO [localhost-startStop-1] org.apache.jasper.servlet.TldScanner.scanJars At least one JAR was scanned for TLDs yet contained no TLDs. Enable debug logging for this logger for a complete list of JARs that were scanned but no TLDs were found in them. Skipping unneeded JARs during scanning can improve startup time and JSP compilation time.
10-Nov-2016 16:14:52.993 INFO [localhost-startStop-1] org.apache.catalina.startup.HostConfig.deployDirectory Deployment of web application directory /home/infoetu/pelleria/Sem3/BDD/TP3/tomcat8/webapps/RemoteSystemsTempFiles has finished in 46 ms
10-Nov-2016 16:14:52.994 INFO [localhost-startStop-1] org.apache.catalina.startup.HostConfig.deployDirectory Déploiement du répertoire /home/infoetu/pelleria/Sem3/BDD/TP3/tomcat8/webapps/__MACOSX de l'application web
10-Nov-2016 16:14:53.049 INFO [localhost-startStop-1] org.apache.jasper.servlet.TldScanner.scanJars At least one JAR was scanned for TLDs yet contained no TLDs. Enable debug logging for this logger for a complete list of JARs that were scanned but no TLDs were found in them. Skipping unneeded JARs during scanning can improve startup time and JSP compilation time.
10-Nov-2016 16:14:53.052 INFO [localhost-startStop-1] org.apache.catalina.startup.HostConfig.deployDirectory Deployment of web application directory /home/infoetu/pelleria/Sem3/BDD/TP3/tomcat8/webapps/__MACOSX has finished in 58 ms
10-Nov-2016 16:14:53.052 INFO [localhost-startStop-1] org.apache.catalina.startup.HostConfig.deployDirectory Déploiement du répertoire /home/infoetu/pelleria/Sem3/BDD/TP3/tomcat8/webapps/ROOT de l'application web
10-Nov-2016 16:14:53.099 INFO [localhost-startStop-1] org.apache.jasper.servlet.TldScanner.scanJars At least one JAR was scanned for TLDs yet contained no TLDs. Enable debug logging for this logger for a complete list of JARs that were scanned but no TLDs were found in them. Skipping unneeded JARs during scanning can improve startup time and JSP compilation time.
10-Nov-2016 16:14:53.100 INFO [localhost-startStop-1] org.apache.catalina.startup.HostConfig.deployDirectory Deployment of web application directory /home/infoetu/pelleria/Sem3/BDD/TP3/tomcat8/webapps/ROOT has finished in 48 ms
10-Nov-2016 16:14:53.102 INFO [main] org.apache.coyote.AbstractProtocol.start Starting ProtocolHandler ["http-nio-8080"]
10-Nov-2016 16:14:53.109 INFO [main] org.apache.coyote.AbstractProtocol.start Starting ProtocolHandler ["ajp-nio-8009"]
10-Nov-2016 16:14:53.109 INFO [main] org.apache.catalina.startup.Catalina.start Server startup in 711 ms
10-Nov-2016 16:17:14.152 INFO [Thread-5] org.apache.coyote.AbstractProtocol.pause Pausing ProtocolHandler ["http-nio-8080"]
10-Nov-2016 16:17:14.204 INFO [Thread-5] org.apache.coyote.AbstractProtocol.pause Pausing ProtocolHandler ["ajp-nio-8009"]
10-Nov-2016 16:17:14.255 INFO [Thread-5] org.apache.catalina.core.StandardService.stopInternal Arrêt du service Catalina
10-Nov-2016 16:17:14.291 INFO [Thread-5] org.apache.coyote.AbstractProtocol.stop Stopping ProtocolHandler ["http-nio-8080"]
10-Nov-2016 16:17:14.292 INFO [Thread-5] org.apache.coyote.AbstractProtocol.stop Stopping ProtocolHandler ["ajp-nio-8009"]
10-Nov-2016 16:17:14.353 INFO [Thread-5] org.apache.coyote.AbstractProtocol.destroy Destroying ProtocolHandler ["http-nio-8080"]
10-Nov-2016 16:17:14.353 INFO [Thread-5] org.apache.coyote.AbstractProtocol.destroy Destroying ProtocolHandler ["ajp-nio-8009"]
