07-Dec-2016 12:57:58.896 INFO [main] org.apache.catalina.core.AprLifecycleListener.init The APR based Apache Tomcat Native library which allows optimal performance in production environments was not found on the java.library.path: /usr/java/packages/lib/amd64:/usr/lib64:/lib64:/lib:/usr/lib
07-Dec-2016 12:57:59.037 INFO [main] org.apache.coyote.AbstractProtocol.init Initializing ProtocolHandler ["http-nio-8080"]
07-Dec-2016 12:57:59.048 INFO [main] org.apache.tomcat.util.net.NioSelectorPool.getSharedSelector Using a shared selector for servlet write/read
07-Dec-2016 12:57:59.050 INFO [main] org.apache.coyote.AbstractProtocol.init Initializing ProtocolHandler ["ajp-nio-8009"]
07-Dec-2016 12:57:59.051 INFO [main] org.apache.tomcat.util.net.NioSelectorPool.getSharedSelector Using a shared selector for servlet write/read
07-Dec-2016 12:57:59.051 INFO [main] org.apache.catalina.startup.Catalina.load Initialization processed in 397 ms
07-Dec-2016 12:57:59.078 INFO [main] org.apache.catalina.core.StandardService.startInternal Démarrage du service Catalina
07-Dec-2016 12:57:59.079 INFO [main] org.apache.catalina.core.StandardEngine.startInternal Starting Servlet Engine: Apache Tomcat/8.0.12
07-Dec-2016 12:57:59.085 INFO [localhost-startStop-1] org.apache.catalina.startup.HostConfig.deployDirectory Déploiement du répertoire /home/infoetu/pelleria/Sem3/BDD/TP3/tomcat8/webapps/vide de l'application web
07-Dec-2016 12:57:59.414 INFO [localhost-startStop-1] org.apache.jasper.servlet.TldScanner.scanJars At least one JAR was scanned for TLDs yet contained no TLDs. Enable debug logging for this logger for a complete list of JARs that were scanned but no TLDs were found in them. Skipping unneeded JARs during scanning can improve startup time and JSP compilation time.
07-Dec-2016 12:57:59.457 INFO [localhost-startStop-1] org.apache.catalina.startup.HostConfig.deployDirectory Deployment of web application directory /home/infoetu/pelleria/Sem3/BDD/TP3/tomcat8/webapps/vide has finished in 371 ms
07-Dec-2016 12:57:59.457 INFO [localhost-startStop-1] org.apache.catalina.startup.HostConfig.deployDirectory Déploiement du répertoire /home/infoetu/pelleria/Sem3/BDD/TP3/tomcat8/webapps/manager de l'application web
07-Dec-2016 12:57:59.547 INFO [localhost-startStop-1] org.apache.jasper.servlet.TldScanner.scanJars At least one JAR was scanned for TLDs yet contained no TLDs. Enable debug logging for this logger for a complete list of JARs that were scanned but no TLDs were found in them. Skipping unneeded JARs during scanning can improve startup time and JSP compilation time.
07-Dec-2016 12:57:59.552 INFO [localhost-startStop-1] org.apache.catalina.startup.HostConfig.deployDirectory Deployment of web application directory /home/infoetu/pelleria/Sem3/BDD/TP3/tomcat8/webapps/manager has finished in 94 ms
07-Dec-2016 12:57:59.552 INFO [localhost-startStop-1] org.apache.catalina.startup.HostConfig.deployDirectory Déploiement du répertoire /home/infoetu/pelleria/Sem3/BDD/TP3/tomcat8/webapps/.metadata de l'application web
07-Dec-2016 12:57:59.600 INFO [localhost-startStop-1] org.apache.jasper.servlet.TldScanner.scanJars At least one JAR was scanned for TLDs yet contained no TLDs. Enable debug logging for this logger for a complete list of JARs that were scanned but no TLDs were found in them. Skipping unneeded JARs during scanning can improve startup time and JSP compilation time.
07-Dec-2016 12:57:59.602 INFO [localhost-startStop-1] org.apache.catalina.startup.HostConfig.deployDirectory Deployment of web application directory /home/infoetu/pelleria/Sem3/BDD/TP3/tomcat8/webapps/.metadata has finished in 50 ms
07-Dec-2016 12:57:59.603 INFO [localhost-startStop-1] org.apache.catalina.startup.HostConfig.deployDirectory Déploiement du répertoire /home/infoetu/pelleria/Sem3/BDD/TP3/tomcat8/webapps/test de l'application web
07-Dec-2016 12:57:59.650 INFO [localhost-startStop-1] org.apache.jasper.servlet.TldScanner.scanJars At least one JAR was scanned for TLDs yet contained no TLDs. Enable debug logging for this logger for a complete list of JARs that were scanned but no TLDs were found in them. Skipping unneeded JARs during scanning can improve startup time and JSP compilation time.
07-Dec-2016 12:57:59.652 INFO [localhost-startStop-1] org.apache.catalina.startup.HostConfig.deployDirectory Deployment of web application directory /home/infoetu/pelleria/Sem3/BDD/TP3/tomcat8/webapps/test has finished in 49 ms
07-Dec-2016 12:57:59.652 INFO [localhost-startStop-1] org.apache.catalina.startup.HostConfig.deployDirectory Déploiement du répertoire /home/infoetu/pelleria/Sem3/BDD/TP3/tomcat8/webapps/host-manager de l'application web
07-Dec-2016 12:57:59.712 INFO [localhost-startStop-1] org.apache.jasper.servlet.TldScanner.scanJars At least one JAR was scanned for TLDs yet contained no TLDs. Enable debug logging for this logger for a complete list of JARs that were scanned but no TLDs were found in them. Skipping unneeded JARs during scanning can improve startup time and JSP compilation time.
07-Dec-2016 12:57:59.714 INFO [localhost-startStop-1] org.apache.catalina.startup.HostConfig.deployDirectory Deployment of web application directory /home/infoetu/pelleria/Sem3/BDD/TP3/tomcat8/webapps/host-manager has finished in 62 ms
07-Dec-2016 12:57:59.714 INFO [localhost-startStop-1] org.apache.catalina.startup.HostConfig.deployDirectory Déploiement du répertoire /home/infoetu/pelleria/Sem3/BDD/TP3/tomcat8/webapps/RemoteSystemsTempFiles de l'application web
07-Dec-2016 12:57:59.757 INFO [localhost-startStop-1] org.apache.jasper.servlet.TldScanner.scanJars At least one JAR was scanned for TLDs yet contained no TLDs. Enable debug logging for this logger for a complete list of JARs that were scanned but no TLDs were found in them. Skipping unneeded JARs during scanning can improve startup time and JSP compilation time.
07-Dec-2016 12:57:59.759 INFO [localhost-startStop-1] org.apache.catalina.startup.HostConfig.deployDirectory Deployment of web application directory /home/infoetu/pelleria/Sem3/BDD/TP3/tomcat8/webapps/RemoteSystemsTempFiles has finished in 45 ms
07-Dec-2016 12:57:59.759 INFO [localhost-startStop-1] org.apache.catalina.startup.HostConfig.deployDirectory Déploiement du répertoire /home/infoetu/pelleria/Sem3/BDD/TP3/tomcat8/webapps/__MACOSX de l'application web
07-Dec-2016 12:57:59.814 INFO [localhost-startStop-1] org.apache.jasper.servlet.TldScanner.scanJars At least one JAR was scanned for TLDs yet contained no TLDs. Enable debug logging for this logger for a complete list of JARs that were scanned but no TLDs were found in them. Skipping unneeded JARs during scanning can improve startup time and JSP compilation time.
07-Dec-2016 12:57:59.816 INFO [localhost-startStop-1] org.apache.catalina.startup.HostConfig.deployDirectory Deployment of web application directory /home/infoetu/pelleria/Sem3/BDD/TP3/tomcat8/webapps/__MACOSX has finished in 57 ms
07-Dec-2016 12:57:59.816 INFO [localhost-startStop-1] org.apache.catalina.startup.HostConfig.deployDirectory Déploiement du répertoire /home/infoetu/pelleria/Sem3/BDD/TP3/tomcat8/webapps/ROOT de l'application web
07-Dec-2016 12:57:59.866 INFO [localhost-startStop-1] org.apache.jasper.servlet.TldScanner.scanJars At least one JAR was scanned for TLDs yet contained no TLDs. Enable debug logging for this logger for a complete list of JARs that were scanned but no TLDs were found in them. Skipping unneeded JARs during scanning can improve startup time and JSP compilation time.
07-Dec-2016 12:57:59.868 INFO [localhost-startStop-1] org.apache.catalina.startup.HostConfig.deployDirectory Deployment of web application directory /home/infoetu/pelleria/Sem3/BDD/TP3/tomcat8/webapps/ROOT has finished in 52 ms
07-Dec-2016 12:57:59.868 INFO [localhost-startStop-1] org.apache.catalina.startup.HostConfig.deployDirectory Déploiement du répertoire /home/infoetu/pelleria/Sem3/BDD/TP3/tomcat8/webapps/tp37 de l'application web
07-Dec-2016 12:58:00.002 INFO [localhost-startStop-1] org.apache.jasper.servlet.TldScanner.scanJars At least one JAR was scanned for TLDs yet contained no TLDs. Enable debug logging for this logger for a complete list of JARs that were scanned but no TLDs were found in them. Skipping unneeded JARs during scanning can improve startup time and JSP compilation time.
07-Dec-2016 12:58:00.003 INFO [localhost-startStop-1] org.apache.catalina.startup.HostConfig.deployDirectory Deployment of web application directory /home/infoetu/pelleria/Sem3/BDD/TP3/tomcat8/webapps/tp37 has finished in 135 ms
07-Dec-2016 12:58:00.005 INFO [main] org.apache.coyote.AbstractProtocol.start Starting ProtocolHandler ["http-nio-8080"]
07-Dec-2016 12:58:00.008 INFO [main] org.apache.coyote.AbstractProtocol.start Starting ProtocolHandler ["ajp-nio-8009"]
07-Dec-2016 12:58:00.008 INFO [main] org.apache.catalina.startup.Catalina.start Server startup in 956 ms
07-Dec-2016 13:19:41.158 INFO [ContainerBackgroundProcessor[StandardEngine[Catalina]]] org.apache.catalina.core.StandardContext.reload Le rechargement du contexte [/vide] a démarré
07-Dec-2016 13:19:41.281 INFO [ContainerBackgroundProcessor[StandardEngine[Catalina]]] org.apache.catalina.core.StandardContext.reload Le rechargement de ce contexte est terminé
07-Dec-2016 13:20:11.312 INFO [ContainerBackgroundProcessor[StandardEngine[Catalina]]] org.apache.catalina.core.StandardContext.reload Le rechargement du contexte [/vide] a démarré
07-Dec-2016 13:20:11.409 INFO [ContainerBackgroundProcessor[StandardEngine[Catalina]]] org.apache.catalina.core.StandardContext.reload Le rechargement de ce contexte est terminé
07-Dec-2016 13:20:31.418 INFO [ContainerBackgroundProcessor[StandardEngine[Catalina]]] org.apache.catalina.core.StandardContext.reload Le rechargement du contexte [/vide] a démarré
07-Dec-2016 13:20:31.476 INFO [ContainerBackgroundProcessor[StandardEngine[Catalina]]] org.apache.catalina.core.StandardContext.reload Le rechargement de ce contexte est terminé
07-Dec-2016 13:20:44.607 INFO [Thread-5] org.apache.coyote.AbstractProtocol.pause Pausing ProtocolHandler ["http-nio-8080"]
07-Dec-2016 13:20:44.662 INFO [Thread-5] org.apache.coyote.AbstractProtocol.pause Pausing ProtocolHandler ["ajp-nio-8009"]
07-Dec-2016 13:20:44.712 INFO [Thread-5] org.apache.catalina.core.StandardService.stopInternal Arrêt du service Catalina
07-Dec-2016 13:20:44.738 INFO [Thread-5] org.apache.coyote.AbstractProtocol.stop Stopping ProtocolHandler ["http-nio-8080"]
07-Dec-2016 13:20:44.745 INFO [Thread-5] org.apache.coyote.AbstractProtocol.stop Stopping ProtocolHandler ["ajp-nio-8009"]
07-Dec-2016 13:20:44.745 INFO [Thread-5] org.apache.coyote.AbstractProtocol.destroy Destroying ProtocolHandler ["http-nio-8080"]
07-Dec-2016 13:20:44.746 INFO [Thread-5] org.apache.coyote.AbstractProtocol.destroy Destroying ProtocolHandler ["ajp-nio-8009"]
