#
# A fatal error has been detected by the Java Runtime Environment:
#
#  EXCEPTION_ACCESS_VIOLATION (0xc0000005) at pc=0x000007feee481111, pid=3536, tid=1752
#
# JRE version: Java(TM) SE Runtime Environment (7.0_80-b15) (build 1.7.0_80-b15)
# Java VM: Java HotSpot(TM) 64-Bit Server VM (24.80-b11 mixed mode windows-amd64 compressed oops)
# Problematic frame:
# C  [mso40uiwin32client.dll+0x361111]
#
# Failed to write core dump. Minidumps are not enabled by default on client versions of Windows
#
# If you would like to submit a bug report, please visit:
#   http://bugreport.java.com/bugreport/crash.jsp
# The crash happened outside the Java Virtual Machine in native code.
# See problematic frame for where to report the bug.
#

---------------  T H R E A D  ---------------

Current thread (0x0000000007ec6000):  JavaThread "http-nio-8080-exec-11" daemon [_thread_in_native, id=1752, stack(0x000000000a930000,0x000000000aa30000)]

siginfo: ExceptionCode=0xc0000005, writing address 0x0000000000000000

Registers:
RAX=0x000007feee481104, RBX=0x000000000aa2c500, RCX=0x000007feee481104, RDX=0x000000000aa2c720
RSP=0x000000000aa29f10, RBP=0x000000000aa2c720, RSI=0x0000000000000000, RDI=0x000000000aa2ac90
R8 =0x0000000000000100, R9 =0x0000000019930520, R10=0x000007feee464f18, R11=0x0000011907e20007
R12=0x000000000aa2b2a8, R13=0x000007feee7ad8c0, R14=0x000000000aa29fd8, R15=0x0000000000000000
RIP=0x000007feee481111, EFLAGS=0x0000000000010202

Top of Stack: (sp=0x000000000aa29f10)
0x000000000aa29f10:   000000000aa29fd8 000000000aa2a530
0x000000000aa29f20:   0000000000000000 002d007200680063
0x000000000aa29f30:   000000000aa2a530 000007fef505c710
0x000000000aa29f40:   000007feee481104 000000000aa2c720
0x000000000aa29f50:   000000000aa2c720 0046002d006f0063
0x000000000aa29f60:   000000000aa2c500 000007fef5052ac2
0x000000000aa29f70:   000007feee481104 000000000aa2b2a8
0x000000000aa29f80:   0009004200000100 0064000900610064
0x000000000aa29f90:   004b004400000000 0000000000000000
0x000000000aa29fa0:   0000000000000000 000000000aa29fd8
0x000000000aa29fb0:   0000000000000000 000007feee481104
0x000000000aa29fc0:   000007feee7ad8c0 000000000aa2b2a8
0x000000000aa29fd0:   000000000aa290b0 000000000aa2c6b8
0x000000000aa29fe0:   0000000000000000 00450044002d0062
0x000000000aa29ff0:   000007feee9b5e84 000007feee22366f
0x000000000aa2a000:   000000000aa2c720 000000000aa2c720 

Instructions: (pc=0x000007feee481111)
0x000007feee4810f1:   93 ef e7 ff 90 90 90 48 8d 4a 50 e9 87 ef e7 ff
0x000007feee481101:   90 90 90 48 89 54 24 10 55 48 83 ec 20 48 8b ea
0x000007feee481111:   c7 04 25 00 00 00 00 01 00 00 00 33 c9 cd 29 48
0x000007feee481121:   8d 4a 58 e9 5f ef e7 ff 90 90 90 48 8d 4a 58 e9 


Register to memory mapping:

RAX=0x000007feee481104 is an unknown value
RBX=0x000000000aa2c500 is pointing into the stack for thread: 0x0000000007ec6000
RCX=0x000007feee481104 is an unknown value
RDX=0x000000000aa2c720 is pointing into the stack for thread: 0x0000000007ec6000
RSP=0x000000000aa29f10 is pointing into the stack for thread: 0x0000000007ec6000
RBP=0x000000000aa2c720 is pointing into the stack for thread: 0x0000000007ec6000
RSI=0x0000000000000000 is an unknown value
RDI=0x000000000aa2ac90 is pointing into the stack for thread: 0x0000000007ec6000
R8 =0x0000000000000100 is an unknown value
R9 =0x0000000019930520 is an unknown value
R10=0x000007feee464f18 is an unknown value
R11=0x0000011907e20007 is an unknown value
R12=0x000000000aa2b2a8 is pointing into the stack for thread: 0x0000000007ec6000
R13=0x000007feee7ad8c0 is an unknown value
R14=0x000000000aa29fd8 is pointing into the stack for thread: 0x0000000007ec6000
R15=0x0000000000000000 is an unknown value


Stack: [0x000000000a930000,0x000000000aa30000],  sp=0x000000000aa29f10,  free space=999k
Native frames: (J=compiled Java code, j=interpreted, Vv=VM code, C=native code)
C  [mso40uiwin32client.dll+0x361111]
C  [mso40uiwin32client.dll+0x6d5c88]

Java frames: (J=compiled Java code, j=interpreted, Vv=VM code)
j  sun.jdbc.odbc.JdbcOdbc.driverConnect(J[B[B)V+0
j  sun.jdbc.odbc.JdbcOdbc.SQLDriverConnect(JLjava/lang/String;)V+93
j  sun.jdbc.odbc.JdbcOdbcConnection.initialize(Ljava/lang/String;Ljava/util/Properties;I)V+984
j  sun.jdbc.odbc.JdbcOdbcDriver.connect(Ljava/lang/String;Ljava/util/Properties;)Ljava/sql/Connection;+129
j  java.sql.DriverManager.getConnection(Ljava/lang/String;Ljava/util/Properties;Ljava/lang/Class;)Ljava/sql/Connection;+172
j  java.sql.DriverManager.getConnection(Ljava/lang/String;Ljava/lang/String;Ljava/lang/String;)Ljava/sql/Connection;+37
j  ListerA.service(Ljavax/servlet/http/HttpServletRequest;Ljavax/servlet/http/HttpServletResponse;)V+117
j  javax.servlet.http.HttpServlet.service(Ljavax/servlet/ServletRequest;Ljavax/servlet/ServletResponse;)V+30
j  org.apache.catalina.core.ApplicationFilterChain.internalDoFilter(Ljavax/servlet/ServletRequest;Ljavax/servlet/ServletResponse;)V+396
j  org.apache.catalina.core.ApplicationFilterChain.doFilter(Ljavax/servlet/ServletRequest;Ljavax/servlet/ServletResponse;)V+101
j  org.apache.tomcat.websocket.server.WsFilter.doFilter(Ljavax/servlet/ServletRequest;Ljavax/servlet/ServletResponse;Ljavax/servlet/FilterChain;)V+21
j  org.apache.catalina.core.ApplicationFilterChain.internalDoFilter(Ljavax/servlet/ServletRequest;Ljavax/servlet/ServletResponse;)V+151
j  org.apache.catalina.core.ApplicationFilterChain.doFilter(Ljavax/servlet/ServletRequest;Ljavax/servlet/ServletResponse;)V+101
j  org.apache.catalina.core.StandardWrapperValve.invoke(Lorg/apache/catalina/connector/Request;Lorg/apache/catalina/connector/Response;)V+781
j  org.apache.catalina.core.StandardContextValve.invoke(Lorg/apache/catalina/connector/Request;Lorg/apache/catalina/connector/Response;)V+166
j  org.apache.catalina.authenticator.AuthenticatorBase.invoke(Lorg/apache/catalina/connector/Request;Lorg/apache/catalina/connector/Response;)V+428
j  org.apache.catalina.core.StandardHostValve.invoke(Lorg/apache/catalina/connector/Request;Lorg/apache/catalina/connector/Response;)V+141
j  org.apache.catalina.valves.ErrorReportValve.invoke(Lorg/apache/catalina/connector/Request;Lorg/apache/catalina/connector/Response;)V+6
j  org.apache.catalina.valves.AbstractAccessLogValve.invoke(Lorg/apache/catalina/connector/Request;Lorg/apache/catalina/connector/Response;)V+6
j  org.apache.catalina.core.StandardEngineValve.invoke(Lorg/apache/catalina/connector/Request;Lorg/apache/catalina/connector/Response;)V+71
j  org.apache.catalina.connector.CoyoteAdapter.service(Lorg/apache/coyote/Request;Lorg/apache/coyote/Response;)V+199
j  org.apache.coyote.http11.AbstractHttp11Processor.process(Lorg/apache/tomcat/util/net/SocketWrapper;)Lorg/apache/tomcat/util/net/AbstractEndpoint$Handler$SocketState;+624
j  org.apache.coyote.AbstractProtocol$AbstractConnectionHandler.process(Lorg/apache/tomcat/util/net/SocketWrapper;Lorg/apache/tomcat/util/net/SocketStatus;)Lorg/apache/tomcat/util/net/AbstractEndpoint$Handler$SocketState;+307
j  org.apache.coyote.http11.Http11NioProtocol$Http11ConnectionHandler.process(Lorg/apache/tomcat/util/net/SocketWrapper;Lorg/apache/tomcat/util/net/SocketStatus;)Lorg/apache/tomcat/util/net/AbstractEndpoint$Handler$SocketState;+37
j  org.apache.tomcat.util.net.NioEndpoint$SocketProcessor.doRun(Ljava/nio/channels/SelectionKey;Lorg/apache/tomcat/util/net/NioEndpoint$KeyAttachment;)V+148
j  org.apache.tomcat.util.net.NioEndpoint$SocketProcessor.run()V+90
j  java.util.concurrent.ThreadPoolExecutor.runWorker(Ljava/util/concurrent/ThreadPoolExecutor$Worker;)V+95
j  java.util.concurrent.ThreadPoolExecutor$Worker.run()V+5
j  org.apache.tomcat.util.threads.TaskThread$WrappingRunnable.run()V+4
j  java.lang.Thread.run()V+11
v  ~StubRoutines::call_stub

---------------  P R O C E S S  ---------------

Java Threads: ( => current thread )
=>0x0000000007ec6000 JavaThread "http-nio-8080-exec-11" daemon [_thread_in_native, id=1752, stack(0x000000000a930000,0x000000000aa30000)]
  0x0000000007ec5800 JavaThread "http-nio-8080-exec-10" daemon [_thread_blocked, id=3716, stack(0x000000000a420000,0x000000000a520000)]
  0x0000000007ec4800 JavaThread "http-nio-8080-exec-9" daemon [_thread_blocked, id=3720, stack(0x0000000008080000,0x0000000008180000)]
  0x0000000007ec4000 JavaThread "http-nio-8080-exec-8" daemon [_thread_blocked, id=2272, stack(0x000000000fe40000,0x000000000ff40000)]
  0x0000000007ebf800 JavaThread "http-nio-8080-exec-7" daemon [_thread_blocked, id=3900, stack(0x0000000010270000,0x0000000010370000)]
  0x0000000007ec3000 JavaThread "http-nio-8080-exec-6" daemon [_thread_blocked, id=2400, stack(0x000000000fa20000,0x000000000fb20000)]
  0x0000000007ec2800 JavaThread "http-nio-8080-exec-5" daemon [_thread_blocked, id=3260, stack(0x0000000010130000,0x0000000010230000)]
  0x0000000007ec1800 JavaThread "http-nio-8080-exec-4" daemon [_thread_blocked, id=316, stack(0x000000000a740000,0x000000000a840000)]
  0x0000000007bfd800 JavaThread "JDWP Command Reader" daemon [_thread_in_native, id=3896, stack(0x000000000a560000,0x000000000a660000)]
  0x0000000007ec1000 JavaThread "http-nio-8080-exec-3" daemon [_thread_blocked, id=1964, stack(0x000000000a320000,0x000000000a420000)]
  0x0000000007ec0000 JavaThread "http-nio-8080-exec-2" daemon [_thread_blocked, id=1900, stack(0x0000000008560000,0x0000000008660000)]
  0x0000000007764800 JavaThread "ajp-nio-8009-Acceptor-0" daemon [_thread_in_native, id=1428, stack(0x0000000009dd0000,0x0000000009ed0000)]
  0x00000000077b1800 JavaThread "ajp-nio-8009-ClientPoller-0" daemon [_thread_in_native, id=2984, stack(0x0000000009bc0000,0x0000000009cc0000)]
  0x00000000077c2000 JavaThread "http-nio-8080-Acceptor-0" daemon [_thread_in_native, id=3556, stack(0x0000000009a60000,0x0000000009b60000)]
  0x0000000007d30800 JavaThread "http-nio-8080-ClientPoller-0" daemon [_thread_in_native, id=2152, stack(0x00000000098b0000,0x00000000099b0000)]
  0x0000000007696000 JavaThread "ContainerBackgroundProcessor[StandardEngine[Catalina]]" daemon [_thread_blocked, id=2344, stack(0x0000000009770000,0x0000000009870000)]
  0x0000000007bfd000 JavaThread "NioBlockingSelector.BlockPoller-2" daemon [_thread_in_native, id=3588, stack(0x0000000008200000,0x0000000008300000)]
  0x0000000007954000 JavaThread "NioBlockingSelector.BlockPoller-1" daemon [_thread_in_native, id=2312, stack(0x0000000007f80000,0x0000000008080000)]
  0x0000000007925000 JavaThread "GC Daemon" daemon [_thread_blocked, id=3516, stack(0x0000000007130000,0x0000000007230000)]
  0x00000000059c1800 JavaThread "AsyncFileHandlerWriter-2040964035" daemon [_thread_blocked, id=3176, stack(0x0000000007240000,0x0000000007340000)]
  0x0000000005910000 JavaThread "Service Thread" daemon [_thread_blocked, id=1116, stack(0x0000000006fc0000,0x00000000070c0000)]
  0x000000000590d800 JavaThread "C2 CompilerThread1" daemon [_thread_blocked, id=3632, stack(0x0000000006d10000,0x0000000006e10000)]
  0x00000000058fb000 JavaThread "C2 CompilerThread0" daemon [_thread_blocked, id=3436, stack(0x0000000006850000,0x0000000006950000)]
  0x00000000058ef000 JavaThread "JDWP Event Helper Thread" daemon [_thread_blocked, id=1112, stack(0x0000000006b10000,0x0000000006c10000)]
  0x00000000058e2000 JavaThread "JDWP Transport Listener: dt_socket" daemon [_thread_blocked, id=3240, stack(0x0000000006950000,0x0000000006a50000)]
  0x00000000058d9000 JavaThread "Attach Listener" daemon [_thread_blocked, id=2896, stack(0x00000000059d0000,0x0000000005ad0000)]
  0x00000000058d5800 JavaThread "Signal Dispatcher" daemon [_thread_blocked, id=1224, stack(0x0000000006060000,0x0000000006160000)]
  0x0000000002342000 JavaThread "Finalizer" daemon [_thread_blocked, id=880, stack(0x0000000005f20000,0x0000000006020000)]
  0x000000000233a800 JavaThread "Reference Handler" daemon [_thread_blocked, id=3992, stack(0x0000000005cd0000,0x0000000005dd0000)]
  0x000000000225e000 JavaThread "main" [_thread_in_native, id=3604, stack(0x00000000024b0000,0x00000000025b0000)]

Other Threads:
  0x0000000002332800 VMThread [stack: 0x0000000005ae0000,0x0000000005be0000] [id=336]
  0x000000000591a000 WatcherThread [stack: 0x0000000006e20000,0x0000000006f20000] [id=3776]

VM state:not at safepoint (normal execution)

VM Mutex/Monitor currently owned by a thread: None

Heap
 def new generation   total 18752K, used 9321K [0x00000000bde00000, 0x00000000bf250000, 0x00000000d2350000)
  eden space 16704K,  43% used [0x00000000bde00000, 0x00000000be51a530, 0x00000000bee50000)
  from space 2048K, 100% used [0x00000000bee50000, 0x00000000bf050000, 0x00000000bf050000)
  to   space 2048K,   0% used [0x00000000bf050000, 0x00000000bf050000, 0x00000000bf250000)
 tenured generation   total 41600K, used 16023K [0x00000000d2350000, 0x00000000d4bf0000, 0x00000000fae00000)
   the space 41600K,  38% used [0x00000000d2350000, 0x00000000d32f5ce0, 0x00000000d32f5e00, 0x00000000d4bf0000)
 compacting perm gen  total 21248K, used 16672K [0x00000000fae00000, 0x00000000fc2c0000, 0x0000000100000000)
   the space 21248K,  78% used [0x00000000fae00000, 0x00000000fbe48078, 0x00000000fbe48200, 0x00000000fc2c0000)
No shared spaces configured.

Card table byte_map: [0x00000000055b0000,0x00000000057d0000] byte_map_base: 0x0000000004fc1000

Polling page: 0x0000000000230000

Code Cache  [0x00000000025b0000, 0x0000000002820000, 0x00000000055b0000)
 total_blobs=564 nmethods=207 adapters=317 free_code_cache=47958Kb largest_free_block=49081216

Compilation events (10 events):
Event: 354.665 Thread 0x00000000058fb000  238             java.io.DataInputStream::readUnsignedShort (39 bytes)
Event: 354.667 Thread 0x00000000058fb000 nmethod 238 0x0000000002685690 code [0x0000000002685800, 0x0000000002685978]
Event: 365.070 Thread 0x00000000058fb000  239             java.util.concurrent.ConcurrentHashMap$HashIterator::advance (96 bytes)
Event: 365.073 Thread 0x00000000058fb000 nmethod 239 0x0000000002685250 code [0x00000000026853a0, 0x0000000002685518]
Event: 375.268 Thread 0x00000000058fb000  240             java.util.regex.Matcher::search (109 bytes)
Event: 375.275 Thread 0x00000000058fb000 nmethod 240 0x00000000026dfb50 code [0x00000000026dfcc0, 0x00000000026e00b8]
Event: 375.279 Thread 0x00000000058fb000  241   !         java.util.concurrent.ConcurrentHashMap::size (214 bytes)
Event: 375.284 Thread 0x00000000058fb000 nmethod 241 0x00000000026df510 code [0x00000000026df660, 0x00000000026df938]
Event: 395.573 Thread 0x00000000058fb000  242             java.util.AbstractCollection::toArray (147 bytes)
Event: 395.579 Thread 0x00000000058fb000 nmethod 242 0x00000000026dee50 code [0x00000000026defc0, 0x00000000026df258]

GC Heap History (8 events):
Event: 2.619 GC heap before
{Heap before GC invocations=0 (full 0):
 def new generation   total 18752K, used 16704K [0x00000000bde00000, 0x00000000bf250000, 0x00000000d2350000)
  eden space 16704K, 100% used [0x00000000bde00000, 0x00000000bee50000, 0x00000000bee50000)
  from space 2048K,   0% used [0x00000000bee50000, 0x00000000bee50000, 0x00000000bf050000)
  to   space 2048K,   0% used [0x00000000bf050000, 0x00000000bf050000, 0x00000000bf250000)
 tenured generation   total 41600K, used 0K [0x00000000d2350000, 0x00000000d4bf0000, 0x00000000fae00000)
   the space 41600K,   0% used [0x00000000d2350000, 0x00000000d2350000, 0x00000000d2350200, 0x00000000d4bf0000)
 compacting perm gen  total 21248K, used 10303K [0x00000000fae00000, 0x00000000fc2c0000, 0x0000000100000000)
   the space 21248K,  48% used [0x00000000fae00000, 0x00000000fb80fd58, 0x00000000fb80fe00, 0x00000000fc2c0000)
No shared spaces configured.
Event: 2.632 GC heap after
Heap after GC invocations=1 (full 0):
 def new generation   total 18752K, used 2047K [0x00000000bde00000, 0x00000000bf250000, 0x00000000d2350000)
  eden space 16704K,   0% used [0x00000000bde00000, 0x00000000bde00000, 0x00000000bee50000)
  from space 2048K,  99% used [0x00000000bf050000, 0x00000000bf24fff8, 0x00000000bf250000)
  to   space 2048K,   0% used [0x00000000bee50000, 0x00000000bee50000, 0x00000000bf050000)
 tenured generation   total 41600K, used 2419K [0x00000000d2350000, 0x00000000d4bf0000, 0x00000000fae00000)
   the space 41600K,   5% used [0x00000000d2350000, 0x00000000d25accb8, 0x00000000d25ace00, 0x00000000d4bf0000)
 compacting perm gen  total 21248K, used 10303K [0x00000000fae00000, 0x00000000fc2c0000, 0x0000000100000000)
   the space 21248K,  48% used [0x00000000fae00000, 0x00000000fb80fd58, 0x00000000fb80fe00, 0x00000000fc2c0000)
No shared spaces configured.
}
Event: 4.761 GC heap before
{Heap before GC invocations=1 (full 0):
 def new generation   total 18752K, used 18751K [0x00000000bde00000, 0x00000000bf250000, 0x00000000d2350000)
  eden space 16704K, 100% used [0x00000000bde00000, 0x00000000bee50000, 0x00000000bee50000)
  from space 2048K,  99% used [0x00000000bf050000, 0x00000000bf24fff8, 0x00000000bf250000)
  to   space 2048K,   0% used [0x00000000bee50000, 0x00000000bee50000, 0x00000000bf050000)
 tenured generation   total 41600K, used 2419K [0x00000000d2350000, 0x00000000d4bf0000, 0x00000000fae00000)
   the space 41600K,   5% used [0x00000000d2350000, 0x00000000d25accb8, 0x00000000d25ace00, 0x00000000d4bf0000)
 compacting perm gen  total 21248K, used 12984K [0x00000000fae00000, 0x00000000fc2c0000, 0x0000000100000000)
   the space 21248K,  61% used [0x00000000fae00000, 0x00000000fbaae180, 0x00000000fbaae200, 0x00000000fc2c0000)
No shared spaces configured.
Event: 4.783 GC heap after
Heap after GC invocations=2 (full 0):
 def new generation   total 18752K, used 2048K [0x00000000bde00000, 0x00000000bf250000, 0x00000000d2350000)
  eden space 16704K,   0% used [0x00000000bde00000, 0x00000000bde00000, 0x00000000bee50000)
  from space 2048K, 100% used [0x00000000bee50000, 0x00000000bf050000, 0x00000000bf050000)
  to   space 2048K,   0% used [0x00000000bf050000, 0x00000000bf050000, 0x00000000bf250000)
 tenured generation   total 41600K, used 7201K [0x00000000d2350000, 0x00000000d4bf0000, 0x00000000fae00000)
   the space 41600K,  17% used [0x00000000d2350000, 0x00000000d2a58798, 0x00000000d2a58800, 0x00000000d4bf0000)
 compacting perm gen  total 21248K, used 12984K [0x00000000fae00000, 0x00000000fc2c0000, 0x0000000100000000)
   the space 21248K,  61% used [0x00000000fae00000, 0x00000000fbaae180, 0x00000000fbaae200, 0x00000000fc2c0000)
No shared spaces configured.
}
Event: 6.945 GC heap before
{Heap before GC invocations=2 (full 0):
 def new generation   total 18752K, used 18716K [0x00000000bde00000, 0x00000000bf250000, 0x00000000d2350000)
  eden space 16704K,  99% used [0x00000000bde00000, 0x00000000bee470c8, 0x00000000bee50000)
  from space 2048K, 100% used [0x00000000bee50000, 0x00000000bf050000, 0x00000000bf050000)
  to   space 2048K,   0% used [0x00000000bf050000, 0x00000000bf050000, 0x00000000bf250000)
 tenured generation   total 41600K, used 7201K [0x00000000d2350000, 0x00000000d4bf0000, 0x00000000fae00000)
   the space 41600K,  17% used [0x00000000d2350000, 0x00000000d2a58798, 0x00000000d2a58800, 0x00000000d4bf0000)
 compacting perm gen  total 21248K, used 14235K [0x00000000fae00000, 0x00000000fc2c0000, 0x0000000100000000)
   the space 21248K,  66% used [0x00000000fae00000, 0x00000000fbbe6fc0, 0x00000000fbbe7000, 0x00000000fc2c0000)
No shared spaces configured.
Event: 6.962 GC heap after
Heap after GC invocations=3 (full 0):
 def new generation   total 18752K, used 2048K [0x00000000bde00000, 0x00000000bf250000, 0x00000000d2350000)
  eden space 16704K,   0% used [0x00000000bde00000, 0x00000000bde00000, 0x00000000bee50000)
  from space 2048K, 100% used [0x00000000bf050000, 0x00000000bf250000, 0x00000000bf250000)
  to   space 2048K,   0% used [0x00000000bee50000, 0x00000000bee50000, 0x00000000bf050000)
 tenured generation   total 41600K, used 10539K [0x00000000d2350000, 0x00000000d4bf0000, 0x00000000fae00000)
   the space 41600K,  25% used [0x00000000d2350000, 0x00000000d2d9ada0, 0x00000000d2d9ae00, 0x00000000d4bf0000)
 compacting perm gen  total 21248K, used 14235K [0x00000000fae00000, 0x00000000fc2c0000, 0x0000000100000000)
   the space 21248K,  66% used [0x00000000fae00000, 0x00000000fbbe6fc0, 0x00000000fbbe7000, 0x00000000fc2c0000)
No shared spaces configured.
}
Event: 237.991 GC heap before
{Heap before GC invocations=3 (full 0):
 def new generation   total 18752K, used 18752K [0x00000000bde00000, 0x00000000bf250000, 0x00000000d2350000)
  eden space 16704K, 100% used [0x00000000bde00000, 0x00000000bee50000, 0x00000000bee50000)
  from space 2048K, 100% used [0x00000000bf050000, 0x00000000bf250000, 0x00000000bf250000)
  to   space 2048K,   0% used [0x00000000bee50000, 0x00000000bee50000, 0x00000000bf050000)
 tenured generation   total 41600K, used 10539K [0x00000000d2350000, 0x00000000d4bf0000, 0x00000000fae00000)
   the space 41600K,  25% used [0x00000000d2350000, 0x00000000d2d9ada0, 0x00000000d2d9ae00, 0x00000000d4bf0000)
 compacting perm gen  total 21248K, used 16564K [0x00000000fae00000, 0x00000000fc2c0000, 0x0000000100000000)
   the space 21248K,  77% used [0x00000000fae00000, 0x00000000fbe2d358, 0x00000000fbe2d400, 0x00000000fc2c0000)
No shared spaces configured.
Event: 238.013 GC heap after
Heap after GC invocations=4 (full 0):
 def new generation   total 18752K, used 2048K [0x00000000bde00000, 0x00000000bf250000, 0x00000000d2350000)
  eden space 16704K,   0% used [0x00000000bde00000, 0x00000000bde00000, 0x00000000bee50000)
  from space 2048K, 100% used [0x00000000bee50000, 0x00000000bf050000, 0x00000000bf050000)
  to   space 2048K,   0% used [0x00000000bf050000, 0x00000000bf050000, 0x00000000bf250000)
 tenured generation   total 41600K, used 16023K [0x00000000d2350000, 0x00000000d4bf0000, 0x00000000fae00000)
   the space 41600K,  38% used [0x00000000d2350000, 0x00000000d32f5ce0, 0x00000000d32f5e00, 0x00000000d4bf0000)
 compacting perm gen  total 21248K, used 16564K [0x00000000fae00000, 0x00000000fc2c0000, 0x0000000100000000)
   the space 21248K,  77% used [0x00000000fae00000, 0x00000000fbe2d358, 0x00000000fbe2d400, 0x00000000fc2c0000)
No shared spaces configured.
}

Deoptimization events (10 events):
Event: 4.624 Thread 0x0000000007c03800 Uncommon trap: reason=unstable_if action=reinterpret pc=0x0000000002696600 method=java.util.HashMap.getEntry(Ljava/lang/Object;)Ljava/util/HashMap$Entry; @ 71
Event: 4.625 Thread 0x0000000007c03800 Uncommon trap: reason=unstable_if action=reinterpret pc=0x000000000268b030 method=java.util.HashMap.getEntry(Ljava/lang/Object;)Ljava/util/HashMap$Entry; @ 71
Event: 10.265 Thread 0x0000000007ebf800 Uncommon trap: reason=unstable_if action=reinterpret pc=0x0000000002619f10 method=sun.misc.ASCIICaseInsensitiveComparator.compare(Ljava/lang/String;Ljava/lang/String;)I @ 106
Event: 10.315 Thread 0x0000000007ebf800 Uncommon trap: reason=unstable_if action=reinterpret pc=0x000000000261f0c4 method=java.util.Arrays.fill([CC)V @ 7
Event: 10.424 Thread 0x0000000007ebf800 Uncommon trap: reason=unstable_if action=reinterpret pc=0x0000000002653808 method=java.util.TreeMap.put(Ljava/lang/Object;Ljava/lang/Object;)Ljava/lang/Object; @ 55
Event: 38.286 Thread 0x0000000007696000 Uncommon trap: reason=class_check action=maybe_recompile pc=0x000000000261d344 method=java.lang.String.equals(Ljava/lang/Object;)Z @ 8
Event: 38.286 Thread 0x0000000007696000 Uncommon trap: reason=class_check action=maybe_recompile pc=0x000000000261d344 method=java.lang.String.equals(Ljava/lang/Object;)Z @ 8
Event: 38.286 Thread 0x0000000007696000 Uncommon trap: reason=class_check action=maybe_recompile pc=0x000000000261d344 method=java.lang.String.equals(Ljava/lang/Object;)Z @ 8
Event: 38.286 Thread 0x0000000007696000 Uncommon trap: reason=class_check action=maybe_recompile pc=0x000000000261d344 method=java.lang.String.equals(Ljava/lang/Object;)Z @ 8
Event: 395.589 Thread 0x0000000007696000 Uncommon trap: reason=predicate action=maybe_recompile pc=0x00000000026df1f0 method=java.util.AbstractCollection.toArray([Ljava/lang/Object;)[Ljava/lang/Object; @ 49

Internal exceptions (10 events):
Event: 41.933 Thread 0x0000000007ec0000 Threw 0x00000000bebf0608 at C:\re\jdk7u80\2329\hotspot\src\share\vm\prims\jvm.cpp:1319
Event: 41.938 Thread 0x0000000007ec0000 Threw 0x00000000bebfd3c0 at C:\re\jdk7u80\2329\hotspot\src\share\vm\prims\jvm.cpp:1319
Event: 41.938 Thread 0x0000000007ec0000 Threw 0x00000000bebfdb70 at C:\re\jdk7u80\2329\hotspot\src\share\vm\prims\jvm.cpp:1319
Event: 252.470 Thread 0x0000000007ec1800 Threw 0x00000000bde45ef8 at C:\re\jdk7u80\2329\hotspot\src\share\vm\prims\jni.cpp:717
Event: 252.471 Thread 0x0000000007ec1800 Threw 0x00000000bde464e8 at C:\re\jdk7u80\2329\hotspot\src\share\vm\prims\jni.cpp:717
Event: 344.304 Thread 0x0000000007696000 Threw 0x00000000be218840 at C:\re\jdk7u80\2329\hotspot\src\share\vm\prims\jni.cpp:717
Event: 354.973 Thread 0x0000000007696000 Threw 0x00000000be4c57c8 at C:\re\jdk7u80\2329\hotspot\src\share\vm\prims\jni.cpp:717
Event: 401.892 Thread 0x0000000007ec6000 Threw 0x00000000be50eaa8 at C:\re\jdk7u80\2329\hotspot\src\share\vm\prims\jvm.cpp:1319
Event: 401.892 Thread 0x0000000007ec6000 Threw 0x00000000be50eef0 at C:\re\jdk7u80\2329\hotspot\src\share\vm\prims\jvm.cpp:1319
Event: 401.904 Thread 0x0000000007ec6000 Threw 0x00000000be510480 at C:\re\jdk7u80\2329\hotspot\src\share\vm\prims\jvm.cpp:1319

Events (10 events):
Event: 401.891 Executing VM operation: RevokeBias
Event: 401.891 Executing VM operation: RevokeBias done
Event: 401.891 Executing VM operation: RevokeBias
Event: 401.891 Executing VM operation: RevokeBias done
Event: 401.892 Executing VM operation: RevokeBias
Event: 401.892 Executing VM operation: RevokeBias done
Event: 401.892 loading class 0x0000000007db9690
Event: 401.892 loading class 0x0000000007db9690 done
Event: 401.904 Executing VM operation: RevokeBias
Event: 401.904 Executing VM operation: RevokeBias done


Dynamic libraries:
0x000000013f320000 - 0x000000013f353000 	C:\Program Files\Java\jdk1.7.0_80\bin\java.exe
0x0000000076db0000 - 0x0000000076f5a000 	C:\Windows\SYSTEM32\ntdll.dll
0x0000000076c90000 - 0x0000000076daf000 	C:\Windows\system32\kernel32.dll
0x000007fefcb30000 - 0x000007fefcb9a000 	C:\Windows\system32\KERNELBASE.dll
0x000007fefe970000 - 0x000007fefea4b000 	C:\Windows\system32\ADVAPI32.dll
0x000007fefe510000 - 0x000007fefe5af000 	C:\Windows\system32\msvcrt.dll
0x000007fefe820000 - 0x000007fefe83f000 	C:\Windows\SYSTEM32\sechost.dll
0x000007fefe840000 - 0x000007fefe96d000 	C:\Windows\system32\RPCRT4.dll
0x0000000076b90000 - 0x0000000076c8a000 	C:\Windows\system32\USER32.dll
0x000007fefe4a0000 - 0x000007fefe507000 	C:\Windows\system32\GDI32.dll
0x000007fefe490000 - 0x000007fefe49e000 	C:\Windows\system32\LPK.dll
0x000007fefea50000 - 0x000007fefeb1a000 	C:\Windows\system32\USP10.dll
0x000007fefb480000 - 0x000007fefb674000 	C:\Windows\WinSxS\amd64_microsoft.windows.common-controls_6595b64144ccf1df_6.0.7601.18837_none_fa3b1e3d17594757\COMCTL32.dll
0x000007fefe130000 - 0x000007fefe1a1000 	C:\Windows\system32\SHLWAPI.dll
0x000007fefe660000 - 0x000007fefe68e000 	C:\Windows\system32\IMM32.DLL
0x000007fefcea0000 - 0x000007fefcfa9000 	C:\Windows\system32\MSCTF.dll
0x0000000070c70000 - 0x0000000070d42000 	C:\Program Files\Java\jdk1.7.0_80\jre\bin\msvcr100.dll
0x00000000674a0000 - 0x0000000067c79000 	C:\Program Files\Java\jdk1.7.0_80\jre\bin\server\jvm.dll
0x000007fef79e0000 - 0x000007fef79e9000 	C:\Windows\system32\WSOCK32.dll
0x000007fefeda0000 - 0x000007fefeded000 	C:\Windows\system32\WS2_32.dll
0x000007fefe650000 - 0x000007fefe658000 	C:\Windows\system32\NSI.dll
0x000007fef6720000 - 0x000007fef675b000 	C:\Windows\system32\WINMM.dll
0x0000000076f80000 - 0x0000000076f87000 	C:\Windows\system32\PSAPI.DLL
0x0000000071220000 - 0x000000007122f000 	C:\Program Files\Java\jdk1.7.0_80\jre\bin\verify.dll
0x00000000711f0000 - 0x0000000071218000 	C:\Program Files\Java\jdk1.7.0_80\jre\bin\java.dll
0x0000000070a10000 - 0x0000000070a45000 	C:\Program Files\Java\jdk1.7.0_80\jre\bin\jdwp.dll
0x0000000071180000 - 0x0000000071188000 	C:\Program Files\Java\jdk1.7.0_80\jre\bin\npt.dll
0x00000000711d0000 - 0x00000000711e6000 	C:\Program Files\Java\jdk1.7.0_80\jre\bin\zip.dll
0x0000000071170000 - 0x0000000071179000 	C:\Program Files\Java\jdk1.7.0_80\jre\bin\dt_socket.dll
0x000007fefac90000 - 0x000007fefaca5000 	C:\Windows\system32\NLAapi.dll
0x000007fef7950000 - 0x000007fef7965000 	C:\Windows\system32\napinsp.dll
0x000007fef7930000 - 0x000007fef7949000 	C:\Windows\system32\pnrpnsp.dll
0x000007fefc280000 - 0x000007fefc2d5000 	C:\Windows\System32\mswsock.dll
0x000007fefc100000 - 0x000007fefc15b000 	C:\Windows\system32\DNSAPI.dll
0x000007fef7920000 - 0x000007fef792b000 	C:\Windows\System32\winrnr.dll
0x000007fefbd20000 - 0x000007fefbd47000 	C:\Windows\system32\IPHLPAPI.DLL
0x000007fefbd10000 - 0x000007fefbd1b000 	C:\Windows\system32\WINNSI.DLL
0x000007fefa850000 - 0x000007fefa8a3000 	C:\Windows\System32\fwpuclnt.dll
0x000007fef8950000 - 0x000007fef8958000 	C:\Windows\system32\rasadhlp.dll
0x000007fefbbd0000 - 0x000007fefbbd7000 	C:\Windows\System32\wshtcpip.dll
0x00000000711b0000 - 0x00000000711ca000 	C:\Program Files\Java\jdk1.7.0_80\jre\bin\net.dll
0x000007fefc270000 - 0x000007fefc277000 	C:\Windows\System32\wship6.dll
0x0000000071190000 - 0x00000000711a1000 	C:\Program Files\Java\jdk1.7.0_80\jre\bin\nio.dll
0x0000000070c60000 - 0x0000000070c6b000 	C:\Program Files\Java\jdk1.7.0_80\jre\bin\management.dll
0x0000000070c10000 - 0x0000000070c34000 	C:\Program Files\Java\jdk1.7.0_80\jre\bin\sunec.dll
0x0000000071160000 - 0x000000007116b000 	C:\Program Files\Java\jdk1.7.0_80\jre\bin\sunmscapi.dll
0x000007fefcbf0000 - 0x000007fefcd5d000 	C:\Windows\system32\CRYPT32.dll
0x000007fefcaf0000 - 0x000007fefcaff000 	C:\Windows\system32\MSASN1.dll
0x000007fefc2e0000 - 0x000007fefc2f8000 	C:\Windows\system32\CRYPTSP.dll
0x000007fefbfe0000 - 0x000007fefc027000 	C:\Windows\system32\rsaenh.dll
0x000007fefce30000 - 0x000007fefce4e000 	C:\Windows\system32\USERENV.dll
0x000007fefcae0000 - 0x000007fefcaef000 	C:\Windows\system32\profapi.dll
0x000007fefc940000 - 0x000007fefc94f000 	C:\Windows\system32\CRYPTBASE.dll
0x000007fefafa0000 - 0x000007fefafb1000 	C:\Windows\system32\dhcpcsvc6.DLL
0x000007fefbbe0000 - 0x000007fefbbf8000 	C:\Windows\system32\dhcpcsvc.DLL
0x0000000070c40000 - 0x0000000070c53000 	C:\Program Files\Java\jdk1.7.0_80\jre\bin\JdbcOdbc.dll
0x000007fef0f30000 - 0x000007fef0fe1000 	C:\Windows\system32\ODBC32.dll
0x00000000745c0000 - 0x00000000745f8000 	C:\Windows\system32\odbcint.dll
0x000007fefc430000 - 0x000007fefc452000 	C:\Windows\system32\bcrypt.dll
0x000007fefbf20000 - 0x000007fefbf6c000 	C:\Windows\system32\bcryptprimitives.dll
0x000007fef5050000 - 0x000007fef5067000 	C:\Windows\system32\VCRUNTIME140.dll
0x000007fef5040000 - 0x000007fef5044000 	C:\Windows\system32\api-ms-win-crt-runtime-l1-1-0.dll
0x000007fef0a90000 - 0x000007fef0b84000 	C:\Windows\system32\ucrtbase.DLL
0x000007fef5030000 - 0x000007fef5033000 	C:\Windows\system32\api-ms-win-core-timezone-l1-1-0.dll
0x000007fef5020000 - 0x000007fef5023000 	C:\Windows\system32\api-ms-win-core-file-l2-1-0.dll
0x000007fef5010000 - 0x000007fef5013000 	C:\Windows\system32\api-ms-win-core-localization-l1-2-0.dll
0x000007fef9e40000 - 0x000007fef9e43000 	C:\Windows\system32\api-ms-win-core-synch-l1-2-0.dll
0x000007fef5000000 - 0x000007fef5003000 	C:\Windows\system32\api-ms-win-core-processthreads-l1-1-1.dll
0x000007fef0a80000 - 0x000007fef0a83000 	C:\Windows\system32\api-ms-win-core-file-l1-2-0.dll
0x000007fef0a70000 - 0x000007fef0a74000 	C:\Windows\system32\api-ms-win-crt-string-l1-1-0.dll
0x000007fef0a60000 - 0x000007fef0a63000 	C:\Windows\system32\api-ms-win-crt-heap-l1-1-0.dll
0x000007fef0a50000 - 0x000007fef0a54000 	C:\Windows\system32\api-ms-win-crt-stdio-l1-1-0.dll
0x000007fef0a40000 - 0x000007fef0a44000 	C:\Windows\system32\api-ms-win-crt-convert-l1-1-0.dll
0x000007fef08d0000 - 0x000007fef08d3000 	C:\Windows\system32\api-ms-win-crt-utility-l1-1-0.dll
0x000007fef08f0000 - 0x000007fef08f3000 	C:\Windows\system32\api-ms-win-crt-filesystem-l1-1-0.dll
0x000007fef0980000 - 0x000007fef0985000 	C:\Windows\system32\api-ms-win-crt-math-l1-1-0.dll
0x000007fef08e0000 - 0x000007fef08e3000 	C:\Windows\system32\api-ms-win-crt-environment-l1-1-0.dll
0x000007fef0900000 - 0x000007fef0903000 	C:\Windows\system32\api-ms-win-crt-time-l1-1-0.dll
0x000007fefd3a0000 - 0x000007fefe12a000 	C:\Windows\system32\SHELL32.dll
0x000007fef0990000 - 0x000007fef0993000 	C:\Windows\system32\api-ms-win-crt-locale-l1-1-0.dll
0x000007feeee90000 - 0x000007feef194000 	C:\Program Files\Common Files\Microsoft Shared\Office16\mso20win32client.dll
0x000007fef09a0000 - 0x000007fef0a3e000 	C:\Windows\system32\MSVCP140.dll
0x000007fef0910000 - 0x000007fef0915000 	C:\Windows\system32\api-ms-win-crt-multibyte-l1-1-0.dll
0x000007fefd190000 - 0x000007fefd393000 	C:\Windows\system32\ole32.dll
0x000007fefecc0000 - 0x000007fefed9a000 	C:\Windows\system32\OLEAUT32.dll
0x000007feeea10000 - 0x000007feeee88000 	C:\Program Files\Common Files\Microsoft Shared\Office16\mso30win32client.dll
0x000007feee120000 - 0x000007feeea0b000 	C:\Program Files\Common Files\Microsoft Shared\Office16\mso40uiwin32client.dll
0x000007fefaa30000 - 0x000007fefac46000 	C:\Windows\WinSxS\amd64_microsoft.windows.gdiplus_6595b64144ccf1df_1.1.7601.23508_none_145555328b95eaaa\gdiplus.dll
0x000007feed950000 - 0x000007feee11c000 	C:\Program Files\Common Files\Microsoft Shared\Office16\mso99Lwin32client.dll
0x000007fef5070000 - 0x000007fef5077000 	C:\Windows\system32\MSIMG32.dll
0x000007fefac70000 - 0x000007fefac7b000 	C:\Windows\system32\SLC.dll
0x000007fef4ac0000 - 0x000007fef4ae7000 	C:\Windows\system32\SPPC.DLL
0x000007feec670000 - 0x000007feed94c000 	C:\Program Files\Common Files\Microsoft Shared\Office16\mso.dll
0x000007fef63c0000 - 0x000007fef66de000 	C:\Windows\system32\msi.dll
0x000007fee5530000 - 0x000007fee577b000 	C:\Program Files\Common Files\Microsoft Shared\OFFICE16\ACECORE.DLL
0x000007fefc8b0000 - 0x000007fefc8d5000 	C:\Windows\system32\SspiCli.dll
0x000007feec0e0000 - 0x000007feec4a4000 	C:\Windows\system32\d2d1.dll
0x000007fefb010000 - 0x000007fefb066000 	C:\Windows\system32\uxtheme.dll
0x000007fefbc00000 - 0x000007fefbc11000 	C:\Windows\system32\WTSAPI32.dll
0x000007fefc9f0000 - 0x000007fefca2d000 	C:\Windows\system32\WINSTA.dll
0x000007fef9240000 - 0x000007fef929d000 	C:\Windows\system32\dxgi.dll
0x000007fefbd50000 - 0x000007fefbd5c000 	C:\Windows\system32\VERSION.dll
0x000007fefa620000 - 0x000007fefa638000 	C:\Windows\system32\dwmapi.dll
0x000007fefcbb0000 - 0x000007fefcbeb000 	C:\Windows\system32\WINTRUST.dll
0x000007fee6160000 - 0x000007fee62f7000 	C:\Windows\system32\DWrite.dll
0x000007fef9300000 - 0x000007fef9334000 	C:\Windows\system32\d3d10_1.dll
0x000007fef92a0000 - 0x000007fef92f7000 	C:\Windows\system32\d3d10_1core.dll
0x000007fef9060000 - 0x000007fef9235000 	C:\Windows\system32\d3d11.dll
0x000007fef61f0000 - 0x000007fef620d000 	C:\Windows\system32\davclnt.dll
0x000007fef72e0000 - 0x000007fef72ea000 	C:\Windows\system32\DAVHLPR.dll
0x000007fef9840000 - 0x000007fef9858000 	C:\Windows\system32\MPR.dll
0x000007fef6250000 - 0x000007fef6381000 	C:\Windows\system32\VBoxMRXNP.dll
0x000007fef6240000 - 0x000007fef624a000 	C:\Windows\System32\drprov.dll
0x000007fef6210000 - 0x000007fef6232000 	C:\Windows\System32\ntlanman.dll
0x00000000731c0000 - 0x00000000731d2000 	C:\Windows\System32\vmhgfs.dll
0x000007fef1de0000 - 0x000007fef1eb6000 	C:\Program Files\Common Files\Microsoft Shared\OFFICE16\1036\ACEWSTR.DLL
0x000007fee5aa0000 - 0x000007fee5b73000 	C:\Program Files\Common Files\Microsoft Shared\OFFICE16\ACEES.DLL
0x000007fef69c0000 - 0x000007fef69c8000 	C:\Program Files\Common Files\Microsoft Shared\OFFICE16\VBAJET32.DLL
0x000007fedfa50000 - 0x000007fedfaca000 	C:\Program Files\Common Files\Microsoft Shared\OFFICE16\expsrv.dll
0x000007fee5ee0000 - 0x000007fee6159000 	C:\Windows\system32\D3D10Warp.dll
0x000007fefe5b0000 - 0x000007fefe649000 	C:\Windows\system32\CLBCatQ.DLL
0x000007fef7020000 - 0x000007fef7094000 	C:\Windows\System32\netprofm.dll
0x000007fefca30000 - 0x000007fefca44000 	C:\Windows\system32\RpcRtRemote.dll
0x000007fef7710000 - 0x000007fef771c000 	C:\Windows\System32\npmproxy.dll
0x000007fef8e90000 - 0x000007fef8faf000 	C:\Windows\system32\webservices.dll
0x000007fefc6e0000 - 0x000007fefc6eb000 	C:\Windows\system32\Secur32.dll
0x0000000076f70000 - 0x0000000076f73000 	C:\Windows\system32\Normaliz.dll
0x000007fef9860000 - 0x000007fef98d1000 	C:\Windows\system32\WINHTTP.dll

VM Arguments:
jvm_args: -Djava.util.logging.config.file=E:\Sem3\BDD\TP3\tomcat8\conf\logging.properties -Djava.util.logging.manager=org.apache.juli.ClassLoaderLogManager -agentlib:jdwp=transport=dt_socket,address=localhost:8000,server=y,suspend=n -Djava.endorsed.dirs=E:\Sem3\BDD\TP3\tomcat8\endorsed -Dcatalina.base=E:\Sem3\BDD\TP3\tomcat8 -Dcatalina.home=E:\Sem3\BDD\TP3\tomcat8 -Djava.io.tmpdir=E:\Sem3\BDD\TP3\tomcat8\temp 
java_command: org.apache.catalina.startup.Bootstrap start
Launcher Type: SUN_STANDARD

Environment Variables:
JAVA_HOME=C:\Program Files\Java\jdk1.7.0_80
JRE_HOME=C:\Program Files\Java\jdk1.7.0_80
CLASSPATH=E:\Sem3\BDD\TP3\tomcat8\bin\bootstrap.jar;E:\Sem3\BDD\TP3\tomcat8\bin\tomcat-juli.jar
PATH=C:\Program Files (x86)\Python35-32\Scripts\;C:\Program Files (x86)\Python35-32\;C:\Program Files\Tcl\bin;C:\Program Files\Python27\;C:\Program Files\Python27\Scripts;C:\Program Files\Perl64\site\bin;C:\Program Files\Perl64\bin;C:\Perl\site\bin;C:\Perl\bin;C:\Windows\system32;C:\Windows;C:\Windows\System32\Wbem;C:\Windows\System32\WindowsPowerShell\v1.0\;C:\Program Files (x86)\WinSCP\;C:\Program Files\Java\jdk1.7.0_80\bin;C:\Program Files (x86)\Symyx\Symyx Draw 3.3\lib;C:\Program Files (x86)\Common Files\MDL Shared\ISIS
USERNAME=iutinfo
OS=Windows_NT
PROCESSOR_IDENTIFIER=Intel64 Family 6 Model 58 Stepping 9, GenuineIntel



---------------  S Y S T E M  ---------------

OS: Windows 7 , 64 bit Build 7601 Service Pack 1

CPU:total 1 (1 cores per cpu, 1 threads per core) family 6 model 58 stepping 9, cmov, cx8, fxsr, mmx, sse, sse2, sse3, ssse3, sse4.1, sse4.2, popcnt, avx, aes, tsc, tscinvbit, tscinv

Memory: 4k page, physical 3993144k(2153336k free), swap 7984428k(5988640k free)

vm_info: Java HotSpot(TM) 64-Bit Server VM (24.80-b11) for windows-amd64 JRE (1.7.0_80-b15), built on Apr 10 2015 11:26:34 by "java_re" with unknown MS VC++:1600

time: Wed Oct 12 11:35:47 2016
elapsed time: 402 seconds

